#
# There is insufficient memory for the Java Runtime Environment to continue.
# Native memory allocation (malloc) failed to allocate 1907152 bytes for Chunk::new
# Possible reasons:
#   The system is out of physical RAM or swap space
#   In 32 bit mode, the process size limit was hit
# Possible solutions:
#   Reduce memory load on the system
#   Increase physical memory or swap space
#   Check if swap backing store is full
#   Use 64 bit Java on a 64 bit OS
#   Decrease Java heap size (-Xmx/-Xms)
#   Decrease number of Java threads
#   Decrease Java thread stack sizes (-Xss)
#   Set larger code cache with -XX:ReservedCodeCacheSize=
# This output file may be truncated or incomplete.
#
#  Out of Memory Error (allocation.cpp:390), pid=1940, tid=0x0000000000000cf0
#
# JRE version: OpenJDK Runtime Environment (8.0_152-b01) (build 1.8.0_152-release-1343-b01)
# Java VM: OpenJDK 64-Bit Server VM (25.152-b01 mixed mode windows-amd64 compressed oops)
# Failed to write core dump. Minidumps are not enabled by default on client versions of Windows
#

---------------  T H R E A D  ---------------

Current thread (0x0000000016120000):  JavaThread "C2 CompilerThread1" daemon [_thread_in_native, id=3312, stack(0x0000000017860000,0x0000000017960000)]

Stack: [0x0000000017860000,0x0000000017960000]
[error occurred during error reporting (printing stack bounds), id 0xc0000005]

Native frames: (J=compiled Java code, j=interpreted, Vv=VM code, C=native code)


Current CompileTask:
C2:   3692 1372       4       java.net.URLClassLoader$1::run (5 bytes)


---------------  P R O C E S S  ---------------

Java Threads: ( => current thread )
  0x000000001612c800 JavaThread "Cache worker for file hash cache (L:\Tattoo\.gradle\5.1.1\fileHashes)" [_thread_blocked, id=13116, stack(0x000000001bf90000,0x000000001c090000)]
  0x0000000016129000 JavaThread "Cache worker for journal cache (C:\Users\Tran Long\.gradle\caches\journal-1)" [_thread_blocked, id=11340, stack(0x000000001bb90000,0x000000001bc90000)]
  0x000000001612f000 JavaThread "File lock request listener" [_thread_in_native, id=13156, stack(0x000000001ba90000,0x000000001bb90000)]
  0x0000000018c81000 JavaThread "Cache worker for file hash cache (C:\Users\Tran Long\.gradle\caches\5.1.1\fileHashes)" [_thread_blocked, id=8136, stack(0x000000001b990000,0x000000001ba90000)]
  0x000000001908d800 JavaThread "Thread-8" [_thread_blocked, id=5976, stack(0x000000001b890000,0x000000001b990000)]
  0x000000001908c800 JavaThread "Stdin handler" [_thread_blocked, id=9256, stack(0x000000001b790000,0x000000001b890000)]
  0x00000000195f4000 JavaThread "Asynchronous log dispatcher for DefaultDaemonConnection: socket connection from /127.0.0.1:49763 to /127.0.0.1:49765" [_thread_blocked, id=6648, stack(0x000000001b690000,0x000000001b790000)]
  0x00000000195f2000 JavaThread "Daemon worker" [_thread_in_vm, id=10104, stack(0x000000001b590000,0x000000001b690000)]
  0x000000001905b000 JavaThread "Cancel handler" [_thread_blocked, id=10864, stack(0x000000001b490000,0x000000001b590000)]
  0x0000000018bf6800 JavaThread "Handler for socket connection from /127.0.0.1:49763 to /127.0.0.1:49765" [_thread_in_native, id=9164, stack(0x000000001b190000,0x000000001b290000)]
  0x0000000018bf6000 JavaThread "Daemon" [_thread_blocked, id=3740, stack(0x000000001b090000,0x000000001b190000)]
  0x0000000018c9d000 JavaThread "Daemon periodic checks" [_thread_blocked, id=2120, stack(0x000000001af90000,0x000000001b090000)]
  0x0000000018c9c000 JavaThread "Incoming local TCP Connector on port 49763" [_thread_in_native, id=2428, stack(0x0000000019830000,0x0000000019930000)]
  0x0000000017a88800 JavaThread "Service Thread" daemon [_thread_blocked, id=1788, stack(0x0000000017e60000,0x0000000017f60000)]
  0x0000000016128000 JavaThread "C1 CompilerThread2" daemon [_thread_blocked, id=10640, stack(0x0000000017960000,0x0000000017a60000)]
=>0x0000000016120000 JavaThread "C2 CompilerThread1" daemon [_thread_in_native, id=3312, stack(0x0000000017860000,0x0000000017960000)]
  0x000000001611c000 JavaThread "C2 CompilerThread0" daemon [_thread_in_native, id=7884, stack(0x0000000017760000,0x0000000017860000)]
  0x000000001611a800 JavaThread "Attach Listener" daemon [_thread_blocked, id=12248, stack(0x0000000017660000,0x0000000017760000)]
  0x00000000027ae800 JavaThread "Signal Dispatcher" daemon [_thread_blocked, id=7232, stack(0x0000000017560000,0x0000000017660000)]
  0x00000000027a6000 JavaThread "Finalizer" daemon [_thread_blocked, id=5948, stack(0x0000000017370000,0x0000000017470000)]
  0x00000000027a1000 JavaThread "Reference Handler" daemon [_thread_blocked, id=5928, stack(0x0000000017270000,0x0000000017370000)]
  0x00000000025ae800 JavaThread "main" [_thread_blocked, id=8380, stack(0x00000000025b0000,0x00000000026b0000)]

Other Threads:
  0x00000000160e6800 VMThread [stack: 0x0000000017170000,0x0000000017270000] [id=3260]
  0x0000000017a91800 WatcherThread [stack: 0x0000000017f60000,0x0000000018060000] [id=6388]

VM state:not at safepoint (normal execution)

VM Mutex/Monitor currently owned by a thread: None

Heap:
 PSYoungGen      total 67584K, used 26737K [0x00000000e0000000, 0x00000000e4c00000, 0x0000000100000000)
  eden space 61952K, 34% used [0x00000000e0000000,0x00000000e14a30b8,0x00000000e3c80000)
  from space 5632K, 99% used [0x00000000e4380000,0x00000000e48f94d0,0x00000000e4900000)
  to   space 7168K, 0% used [0x00000000e3c80000,0x00000000e3c80000,0x00000000e4380000)
 ParOldGen       total 42496K, used 5882K [0x00000000a0000000, 0x00000000a2980000, 0x00000000e0000000)
  object space 42496K, 13% used [0x00000000a0000000,0x00000000a05beb20,0x00000000a2980000)
 Metaspace       used 17261K, capacity 17634K, committed 17792K, reserved 1064960K
  class space    used 2499K, capacity 2649K, committed 2688K, reserved 1048576K

Card table byte_map: [0x0000000011b70000,0x0000000011e80000] byte_map_base: 0x0000000011670000

Marking Bits: (ParMarkBitMap*) 0x00000000777a5aa0
 Begin Bits: [0x0000000012480000, 0x0000000013c80000)
 End Bits:   [0x0000000013c80000, 0x0000000015480000)

Polling page: 0x0000000000840000

CodeCache: size=245760Kb used=5457Kb max_used=5457Kb free=240302Kb
 bounds [0x00000000027b0000, 0x0000000002d10000, 0x00000000117b0000]
 total_blobs=1936 nmethods=1540 adapters=309
 compilation: enabled

Compilation events (10 events):
Event: 3.643 Thread 0x0000000016128000 1542       3       sun.reflect.generics.tree.ClassTypeSignature::accept (8 bytes)
Event: 3.644 Thread 0x0000000016128000 nmethod 1542 0x0000000002d03610 code [0x0000000002d03780, 0x0000000002d03968]
Event: 3.645 Thread 0x0000000016128000 1544       3       java.lang.invoke.InvokerBytecodeGenerator::assertStaticType (58 bytes)
Event: 3.645 Thread 0x0000000016128000 nmethod 1544 0x0000000002d03a50 code [0x0000000002d03be0, 0x0000000002d04238]
Event: 3.662 Thread 0x0000000016128000 1545       3       org.gradle.internal.reflect.JavaMethod::<init> (20 bytes)
Event: 3.662 Thread 0x0000000016128000 nmethod 1545 0x0000000002d04450 code [0x0000000002d045e0, 0x0000000002d04a58]
Event: 3.673 Thread 0x0000000016128000 1546       3       org.gradle.internal.service.ReflectionBasedServiceMethod::<init> (16 bytes)
Event: 3.673 Thread 0x0000000016128000 nmethod 1546 0x0000000002d04c50 code [0x0000000002d04e00, 0x0000000002d05408]
Event: 3.673 Thread 0x0000000016128000 1547       3       org.gradle.internal.reflect.JavaReflectionUtil::method (10 bytes)
Event: 3.674 Thread 0x0000000016128000 nmethod 1547 0x0000000002d05790 code [0x0000000002d05940, 0x0000000002d05e58]

GC Heap History (10 events):
Event: 1.200 GC heap before
{Heap before GC invocations=2 (full 0):
 PSYoungGen      total 18432K, used 18425K [0x00000000e0000000, 0x00000000e1480000, 0x0000000100000000)
  eden space 15872K, 100% used [0x00000000e0000000,0x00000000e0f80000,0x00000000e0f80000)
  from space 2560K, 99% used [0x00000000e0f80000,0x00000000e11fe768,0x00000000e1200000)
  to   space 2560K, 0% used [0x00000000e1200000,0x00000000e1200000,0x00000000e1480000)
 ParOldGen       total 42496K, used 74K [0x00000000a0000000, 0x00000000a2980000, 0x00000000e0000000)
  object space 42496K, 0% used [0x00000000a0000000,0x00000000a0012a90,0x00000000a2980000)
 Metaspace       used 6624K, capacity 6718K, committed 6784K, reserved 1056768K
  class space    used 805K, capacity 843K, committed 896K, reserved 1048576K
Event: 1.206 GC heap after
Heap after GC invocations=2 (full 0):
 PSYoungGen      total 18432K, used 2557K [0x00000000e0000000, 0x00000000e2400000, 0x0000000100000000)
  eden space 15872K, 0% used [0x00000000e0000000,0x00000000e0000000,0x00000000e0f80000)
  from space 2560K, 99% used [0x00000000e1200000,0x00000000e147f590,0x00000000e1480000)
  to   space 2560K, 0% used [0x00000000e0f80000,0x00000000e0f80000,0x00000000e1200000)
 ParOldGen       total 42496K, used 303K [0x00000000a0000000, 0x00000000a2980000, 0x00000000e0000000)
  object space 42496K, 0% used [0x00000000a0000000,0x00000000a004bda8,0x00000000a2980000)
 Metaspace       used 6624K, capacity 6718K, committed 6784K, reserved 1056768K
  class space    used 805K, capacity 843K, committed 896K, reserved 1048576K
}
Event: 1.646 GC heap before
{Heap before GC invocations=3 (full 0):
 PSYoungGen      total 18432K, used 18429K [0x00000000e0000000, 0x00000000e2400000, 0x0000000100000000)
  eden space 15872K, 100% used [0x00000000e0000000,0x00000000e0f80000,0x00000000e0f80000)
  from space 2560K, 99% used [0x00000000e1200000,0x00000000e147f590,0x00000000e1480000)
  to   space 2560K, 0% used [0x00000000e0f80000,0x00000000e0f80000,0x00000000e1200000)
 ParOldGen       total 42496K, used 303K [0x00000000a0000000, 0x00000000a2980000, 0x00000000e0000000)
  object space 42496K, 0% used [0x00000000a0000000,0x00000000a004bda8,0x00000000a2980000)
 Metaspace       used 6790K, capacity 6952K, committed 7040K, reserved 1056768K
  class space    used 819K, capacity 877K, committed 896K, reserved 1048576K
Event: 1.650 GC heap after
Heap after GC invocations=3 (full 0):
 PSYoungGen      total 18432K, used 2544K [0x00000000e0000000, 0x00000000e2400000, 0x0000000100000000)
  eden space 15872K, 0% used [0x00000000e0000000,0x00000000e0000000,0x00000000e0f80000)
  from space 2560K, 99% used [0x00000000e0f80000,0x00000000e11fc1d8,0x00000000e1200000)
  to   space 2560K, 0% used [0x00000000e2180000,0x00000000e2180000,0x00000000e2400000)
 ParOldGen       total 42496K, used 408K [0x00000000a0000000, 0x00000000a2980000, 0x00000000e0000000)
  object space 42496K, 0% used [0x00000000a0000000,0x00000000a00662c0,0x00000000a2980000)
 Metaspace       used 6790K, capacity 6952K, committed 7040K, reserved 1056768K
  class space    used 819K, capacity 877K, committed 896K, reserved 1048576K
}
Event: 1.874 GC heap before
{Heap before GC invocations=4 (full 0):
 PSYoungGen      total 18432K, used 18416K [0x00000000e0000000, 0x00000000e2400000, 0x0000000100000000)
  eden space 15872K, 100% used [0x00000000e0000000,0x00000000e0f80000,0x00000000e0f80000)
  from space 2560K, 99% used [0x00000000e0f80000,0x00000000e11fc1d8,0x00000000e1200000)
  to   space 2560K, 0% used [0x00000000e2180000,0x00000000e2180000,0x00000000e2400000)
 ParOldGen       total 42496K, used 408K [0x00000000a0000000, 0x00000000a2980000, 0x00000000e0000000)
  object space 42496K, 0% used [0x00000000a0000000,0x00000000a00662c0,0x00000000a2980000)
 Metaspace       used 8157K, capacity 8408K, committed 8576K, reserved 1056768K
  class space    used 1028K, capacity 1108K, committed 1152K, reserved 1048576K
Event: 1.882 GC heap after
Heap after GC invocations=4 (full 0):
 PSYoungGen      total 34304K, used 2528K [0x00000000e0000000, 0x00000000e2400000, 0x0000000100000000)
  eden space 31744K, 0% used [0x00000000e0000000,0x00000000e0000000,0x00000000e1f00000)
  from space 2560K, 98% used [0x00000000e2180000,0x00000000e23f8020,0x00000000e2400000)
  to   space 2560K, 0% used [0x00000000e1f00000,0x00000000e1f00000,0x00000000e2180000)
 ParOldGen       total 42496K, used 1460K [0x00000000a0000000, 0x00000000a2980000, 0x00000000e0000000)
  object space 42496K, 3% used [0x00000000a0000000,0x00000000a016d230,0x00000000a2980000)
 Metaspace       used 8157K, capacity 8408K, committed 8576K, reserved 1056768K
  class space    used 1028K, capacity 1108K, committed 1152K, reserved 1048576K
}
Event: 2.913 GC heap before
{Heap before GC invocations=5 (full 0):
 PSYoungGen      total 34304K, used 34272K [0x00000000e0000000, 0x00000000e2400000, 0x0000000100000000)
  eden space 31744K, 100% used [0x00000000e0000000,0x00000000e1f00000,0x00000000e1f00000)
  from space 2560K, 98% used [0x00000000e2180000,0x00000000e23f8020,0x00000000e2400000)
  to   space 2560K, 0% used [0x00000000e1f00000,0x00000000e1f00000,0x00000000e2180000)
 ParOldGen       total 42496K, used 1460K [0x00000000a0000000, 0x00000000a2980000, 0x00000000e0000000)
  object space 42496K, 3% used [0x00000000a0000000,0x00000000a016d230,0x00000000a2980000)
 Metaspace       used 12645K, capacity 12938K, committed 13184K, reserved 1060864K
  class space    used 1735K, capacity 1867K, committed 1920K, reserved 1048576K
Event: 2.922 GC heap after
Heap after GC invocations=5 (full 0):
 PSYoungGen      total 34304K, used 2528K [0x00000000e0000000, 0x00000000e4900000, 0x0000000100000000)
  eden space 31744K, 0% used [0x00000000e0000000,0x00000000e0000000,0x00000000e1f00000)
  from space 2560K, 98% used [0x00000000e1f00000,0x00000000e2178020,0x00000000e2180000)
  to   space 5632K, 0% used [0x00000000e4380000,0x00000000e4380000,0x00000000e4900000)
 ParOldGen       total 42496K, used 5007K [0x00000000a0000000, 0x00000000a2980000, 0x00000000e0000000)
  object space 42496K, 11% used [0x00000000a0000000,0x00000000a04e3cf0,0x00000000a2980000)
 Metaspace       used 12645K, capacity 12938K, committed 13184K, reserved 1060864K
  class space    used 1735K, capacity 1867K, committed 1920K, reserved 1048576K
}
Event: 3.306 GC heap before
{Heap before GC invocations=6 (full 0):
 PSYoungGen      total 34304K, used 34272K [0x00000000e0000000, 0x00000000e4900000, 0x0000000100000000)
  eden space 31744K, 100% used [0x00000000e0000000,0x00000000e1f00000,0x00000000e1f00000)
  from space 2560K, 98% used [0x00000000e1f00000,0x00000000e2178020,0x00000000e2180000)
  to   space 5632K, 0% used [0x00000000e4380000,0x00000000e4380000,0x00000000e4900000)
 ParOldGen       total 42496K, used 5007K [0x00000000a0000000, 0x00000000a2980000, 0x00000000e0000000)
  object space 42496K, 11% used [0x00000000a0000000,0x00000000a04e3cf0,0x00000000a2980000)
 Metaspace       used 15396K, capacity 15776K, committed 16000K, reserved 1062912K
  class space    used 2190K, capacity 2328K, committed 2432K, reserved 1048576K
Event: 3.318 GC heap after
Heap after GC invocations=6 (full 0):
 PSYoungGen      total 67584K, used 5605K [0x00000000e0000000, 0x00000000e4c00000, 0x0000000100000000)
  eden space 61952K, 0% used [0x00000000e0000000,0x00000000e0000000,0x00000000e3c80000)
  from space 5632K, 99% used [0x00000000e4380000,0x00000000e48f94d0,0x00000000e4900000)
  to   space 7168K, 0% used [0x00000000e3c80000,0x00000000e3c80000,0x00000000e4380000)
 ParOldGen       total 42496K, used 5882K [0x00000000a0000000, 0x00000000a2980000, 0x00000000e0000000)
  object space 42496K, 13% used [0x00000000a0000000,0x00000000a05beb20,0x00000000a2980000)
 Metaspace       used 15396K, capacity 15776K, committed 16000K, reserved 1062912K
  class space    used 2190K, capacity 2328K, committed 2432K, reserved 1048576K
}

Deoptimization events (10 events):
Event: 2.345 Thread 0x00000000025ae800 Uncommon trap: reason=unstable_if action=reinterpret pc=0x0000000002ad9138 method=java.io.WinNTFileSystem.normalize(Ljava/lang/String;II)Ljava/lang/String; @ 90
Event: 2.695 Thread 0x0000000018bf6800 Uncommon trap: reason=unstable_if action=reinterpret pc=0x0000000002b97530 method=java.util.concurrent.ConcurrentHashMap.putVal(Ljava/lang/Object;Ljava/lang/Object;Z)Ljava/lang/Object; @ 206
Event: 2.760 Thread 0x00000000195f2000 Uncommon trap: reason=bimorphic action=maybe_recompile pc=0x0000000002a5c6e0 method=java.util.HashMap.putVal(ILjava/lang/Object;Ljava/lang/Object;ZZ)Ljava/lang/Object; @ 253
Event: 2.760 Thread 0x00000000195f2000 Uncommon trap: reason=bimorphic action=maybe_recompile pc=0x0000000002a5c6e0 method=java.util.HashMap.putVal(ILjava/lang/Object;Ljava/lang/Object;ZZ)Ljava/lang/Object; @ 253
Event: 2.760 Thread 0x00000000195f2000 Uncommon trap: reason=bimorphic action=maybe_recompile pc=0x0000000002a5c6e0 method=java.util.HashMap.putVal(ILjava/lang/Object;Ljava/lang/Object;ZZ)Ljava/lang/Object; @ 253
Event: 2.959 Thread 0x00000000195f2000 Uncommon trap: reason=class_check action=maybe_recompile pc=0x0000000002a96498 method=java.util.regex.Matcher.match(II)Z @ 86
Event: 2.969 Thread 0x00000000195f2000 Uncommon trap: reason=class_check action=maybe_recompile pc=0x0000000002a96498 method=java.util.regex.Matcher.match(II)Z @ 86
Event: 2.970 Thread 0x00000000195f2000 Uncommon trap: reason=class_check action=maybe_recompile pc=0x0000000002a96498 method=java.util.regex.Matcher.match(II)Z @ 86
Event: 2.970 Thread 0x00000000195f2000 Uncommon trap: reason=class_check action=maybe_recompile pc=0x0000000002a5411c method=java.util.regex.Matcher.match(II)Z @ 86
Event: 3.265 Thread 0x00000000195f2000 Uncommon trap: reason=unstable_if action=reinterpret pc=0x0000000002bced34 method=java.lang.String.lastIndexOf([CII[CIII)I @ 66

Classes redefined (0 events):
No events

Internal exceptions (10 events):
Event: 2.698 Thread 0x0000000018bf6800 Exception <a 'java/lang/NoSuchMethodError': <clinit>> (0x00000000e0cfc100) thrown at [D:\src\AOSP-openjdk-cygwin\jdk8u\hotspot\src\share\vm\prims\jni.cpp, line 1613]
Event: 2.700 Thread 0x0000000018bf6800 Exception <a 'java/lang/NoSuchMethodError': <clinit>> (0x00000000e0d0f198) thrown at [D:\src\AOSP-openjdk-cygwin\jdk8u\hotspot\src\share\vm\prims\jni.cpp, line 1613]
Event: 2.703 Thread 0x0000000018bf6800 Exception <a 'java/lang/NoSuchMethodError': <clinit>> (0x00000000e0d35f98) thrown at [D:\src\AOSP-openjdk-cygwin\jdk8u\hotspot\src\share\vm\prims\jni.cpp, line 1613]
Event: 2.705 Thread 0x0000000018bf6800 Exception <a 'java/lang/NoSuchMethodError': <clinit>> (0x00000000e0d4dbf0) thrown at [D:\src\AOSP-openjdk-cygwin\jdk8u\hotspot\src\share\vm\prims\jni.cpp, line 1613]
Event: 2.705 Thread 0x0000000018bf6800 Exception <a 'java/lang/NoSuchMethodError': <clinit>> (0x00000000e0d566b8) thrown at [D:\src\AOSP-openjdk-cygwin\jdk8u\hotspot\src\share\vm\prims\jni.cpp, line 1613]
Event: 2.707 Thread 0x0000000018bf6800 Exception <a 'java/lang/NoSuchMethodError': <clinit>> (0x00000000e0d6c8a0) thrown at [D:\src\AOSP-openjdk-cygwin\jdk8u\hotspot\src\share\vm\prims\jni.cpp, line 1613]
Event: 2.713 Thread 0x0000000018bf6800 Exception <a 'java/lang/NoSuchMethodError': <clinit>> (0x00000000e0dcc140) thrown at [D:\src\AOSP-openjdk-cygwin\jdk8u\hotspot\src\share\vm\prims\jni.cpp, line 1613]
Event: 2.718 Thread 0x0000000018bf6800 Exception <a 'java/lang/NoSuchMethodError': <clinit>> (0x00000000e0df83e8) thrown at [D:\src\AOSP-openjdk-cygwin\jdk8u\hotspot\src\share\vm\prims\jni.cpp, line 1613]
Event: 2.724 Thread 0x0000000018bf6800 Exception <a 'java/lang/NoSuchMethodError': <clinit>> (0x00000000e0e26108) thrown at [D:\src\AOSP-openjdk-cygwin\jdk8u\hotspot\src\share\vm\prims\jni.cpp, line 1613]
Event: 2.724 Thread 0x0000000018bf6800 Exception <a 'java/lang/NoSuchMethodError': <clinit>> (0x00000000e0e313a0) thrown at [D:\src\AOSP-openjdk-cygwin\jdk8u\hotspot\src\share\vm\prims\jni.cpp, line 1613]

Events (10 events):
Event: 3.688 loading class org/gradle/api/internal/DefaultMutationGuard
Event: 3.688 loading class org/gradle/api/internal/DefaultMutationGuard done
Event: 3.689 loading class org/gradle/api/internal/AbstractMutationGuard
Event: 3.689 loading class org/gradle/api/internal/AbstractMutationGuard done
Event: 3.689 loading class org/gradle/api/internal/AbstractMutationGuard$IllegalMutationException
Event: 3.689 loading class org/gradle/api/internal/AbstractMutationGuard$IllegalMutationException done
Event: 3.689 loading class org/gradle/api/internal/DefaultMutationGuard$1
Event: 3.689 loading class org/gradle/api/internal/DefaultMutationGuard$1 done
Event: 3.690 loading class org/gradle/invocation/DefaultGradle$1
Event: 3.690 loading class org/gradle/invocation/DefaultGradle$1 done


Dynamic libraries:
0x00007ff628c70000 - 0x00007ff628ca1000 	C:\Program Files\Android\Android Studio\jre\bin\java.exe
0x00007ffdebeb0000 - 0x00007ffdec091000 	C:\WINDOWS\SYSTEM32\ntdll.dll
0x00007ffde95e0000 - 0x00007ffde9691000 	C:\WINDOWS\System32\KERNEL32.DLL
0x00007ffde8280000 - 0x00007ffde84f3000 	C:\WINDOWS\System32\KERNELBASE.dll
0x00007ffdea180000 - 0x00007ffdea221000 	C:\WINDOWS\System32\ADVAPI32.dll
0x00007ffdebc30000 - 0x00007ffdebcce000 	C:\WINDOWS\System32\msvcrt.dll
0x00007ffdebd40000 - 0x00007ffdebd9b000 	C:\WINDOWS\System32\sechost.dll
0x00007ffde9b60000 - 0x00007ffde9c84000 	C:\WINDOWS\System32\RPCRT4.dll
0x00007ffde99d0000 - 0x00007ffde9b60000 	C:\WINDOWS\System32\USER32.dll
0x00007ffde88c0000 - 0x00007ffde88e0000 	C:\WINDOWS\System32\win32u.dll
0x00007ffdebbf0000 - 0x00007ffdebc18000 	C:\WINDOWS\System32\GDI32.dll
0x00007ffde91a0000 - 0x00007ffde9331000 	C:\WINDOWS\System32\gdi32full.dll
0x00007ffde8500000 - 0x00007ffde859f000 	C:\WINDOWS\System32\msvcp_win.dll
0x00007ffde8990000 - 0x00007ffde8a88000 	C:\WINDOWS\System32\ucrtbase.dll
0x00007ffddef10000 - 0x00007ffddf179000 	C:\WINDOWS\WinSxS\amd64_microsoft.windows.common-controls_6595b64144ccf1df_6.0.17134.950_none_fb3da4273069d3e0\COMCTL32.dll
0x00007ffde96a0000 - 0x00007ffde99c2000 	C:\WINDOWS\System32\combase.dll
0x00007ffde8840000 - 0x00007ffde88b9000 	C:\WINDOWS\System32\bcryptPrimitives.dll
0x00007ffdea150000 - 0x00007ffdea17d000 	C:\WINDOWS\System32\IMM32.DLL
0x0000000050100000 - 0x00000000501d2000 	C:\Program Files\Android\Android Studio\jre\jre\bin\msvcr100.dll
0x0000000076fe0000 - 0x0000000077821000 	C:\Program Files\Android\Android Studio\jre\jre\bin\server\jvm.dll
0x00007ffdebc20000 - 0x00007ffdebc28000 	C:\WINDOWS\System32\PSAPI.DLL
0x00007ffddcd20000 - 0x00007ffddcd29000 	C:\WINDOWS\SYSTEM32\WSOCK32.dll
0x00007ffddea40000 - 0x00007ffddea63000 	C:\WINDOWS\SYSTEM32\WINMM.dll
0x00007ffde9c90000 - 0x00007ffde9cfc000 	C:\WINDOWS\System32\WS2_32.dll
0x00007ffddf180000 - 0x00007ffddf18a000 	C:\WINDOWS\SYSTEM32\VERSION.dll
0x00007ffdde830000 - 0x00007ffdde85a000 	C:\WINDOWS\SYSTEM32\WINMMBASE.dll
0x00007ffde88e0000 - 0x00007ffde8929000 	C:\WINDOWS\System32\cfgmgr32.dll
0x00007ffde3160000 - 0x00007ffde316f000 	C:\Program Files\Android\Android Studio\jre\jre\bin\verify.dll
0x00007ffdde320000 - 0x00007ffdde349000 	C:\Program Files\Android\Android Studio\jre\jre\bin\java.dll
0x00007ffde2ec0000 - 0x00007ffde2ed6000 	C:\Program Files\Android\Android Studio\jre\jre\bin\zip.dll
0x00007ffdea230000 - 0x00007ffdeb670000 	C:\WINDOWS\System32\SHELL32.dll
0x00007ffdebb40000 - 0x00007ffdebbe9000 	C:\WINDOWS\System32\shcore.dll
0x00007ffde8a90000 - 0x00007ffde919d000 	C:\WINDOWS\System32\windows.storage.dll
0x00007ffdebda0000 - 0x00007ffdebdf1000 	C:\WINDOWS\System32\shlwapi.dll
0x00007ffde8240000 - 0x00007ffde8251000 	C:\WINDOWS\System32\kernel.appcore.dll
0x00007ffde8260000 - 0x00007ffde827f000 	C:\WINDOWS\System32\profapi.dll
0x00007ffde81f0000 - 0x00007ffde823c000 	C:\WINDOWS\System32\powrprof.dll
0x00007ffde81e0000 - 0x00007ffde81ea000 	C:\WINDOWS\System32\FLTLIB.DLL
0x00007ffde1480000 - 0x00007ffde149a000 	C:\Program Files\Android\Android Studio\jre\jre\bin\net.dll
0x00007ffde7a40000 - 0x00007ffde7aa6000 	C:\WINDOWS\system32\mswsock.dll
0x00007ffde0970000 - 0x00007ffde0981000 	C:\Program Files\Android\Android Studio\jre\jre\bin\nio.dll
0x00007ffde1460000 - 0x00007ffde147e000 	C:\Users\Tran Long\.gradle\native\25\windows-amd64\native-platform.dll
0x00007ffde3150000 - 0x00007ffde315d000 	C:\Program Files\Android\Android Studio\jre\jre\bin\management.dll
0x00007ffde7bf0000 - 0x00007ffde7c07000 	C:\WINDOWS\SYSTEM32\CRYPTSP.dll
0x00007ffde75f0000 - 0x00007ffde7623000 	C:\WINDOWS\system32\rsaenh.dll
0x00007ffde7d20000 - 0x00007ffde7d45000 	C:\WINDOWS\SYSTEM32\bcrypt.dll
0x00007ffde80c0000 - 0x00007ffde80e8000 	C:\WINDOWS\SYSTEM32\USERENV.dll
0x00007ffde7c10000 - 0x00007ffde7c1b000 	C:\WINDOWS\SYSTEM32\CRYPTBASE.dll
0x00007ffde7790000 - 0x00007ffde77c8000 	C:\WINDOWS\SYSTEM32\IPHLPAPI.DLL
0x00007ffdebd30000 - 0x00007ffdebd38000 	C:\WINDOWS\System32\NSI.dll
0x00007ffde1620000 - 0x00007ffde1636000 	C:\WINDOWS\SYSTEM32\dhcpcsvc6.DLL
0x00007ffde1e20000 - 0x00007ffde1e3a000 	C:\WINDOWS\SYSTEM32\dhcpcsvc.DLL

VM Arguments:
jvm_args: -Xmx1536m -Dfile.encoding=windows-1252 -Duser.country=US -Duser.language=en -Duser.variant 
java_command: org.gradle.launcher.daemon.bootstrap.GradleDaemon 5.1.1
java_class_path (initial): C:\Users\Tran Long\.gradle\wrapper\dists\gradle-5.1.1-all\97z1ksx6lirer3kbvdnh7jtjg\gradle-5.1.1\lib\gradle-launcher-5.1.1.jar
Launcher Type: SUN_STANDARD

Environment Variables:
PATH=C:\Program Files\Microsoft MPI\Bin\;C:\Program Files (x86)\Common Files\Oracle\Java\javapath;C:\WINDOWS\system32;C:\WINDOWS;C:\WINDOWS\System32\Wbem;C:\WINDOWS\System32\WindowsPowerShell\v1.0\;C:\Program Files (x86)\Microsoft SQL Server\140\Tools\Binn\;C:\Program Files\Microsoft SQL Server\140\Tools\Binn\;C:\Program Files (x86)\Microsoft SQL Server\140\DTS\Binn\;C:\Program Files\Microsoft SQL Server\140\DTS\Binn\;C:\Program Files\Microsoft SQL Server\Client SDK\ODBC\130\Tools\Binn\;C:\Program Files (x86)\Microsoft SQL Server\Client SDK\ODBC\130\Tools\Binn\;C:\Program Files (x86)\Microsoft SQL Server\140\Tools\Binn\ManagementStudio\;C:\Program Files\Microsoft SQL Server\130\Tools\Binn\;C:\WINDOWS\System32\OpenSSH\;C:\Program Files\Git\cmd;C:\Program Files\dotnet\;C:\Users\Tran Long\AppData\Local\Android\Sdk\platform-tools;C:\Program Files\nodejs\;"C:\Users\Tran Long\AppData\Local\Microsoft\WindowsApps;C:\Users\Tran Long\AppData\Local\Android\Sdk\platform-tools";C:\Users\Tran Long\AppData\Local\GitHubDesktop\bin;C:\Users\Tran Long\AppData\Local\Microsoft\WindowsApps;C:\Users\Tran Long\AppData\Roaming\npm
USERNAME=Tran Long
OS=Windows_NT
PROCESSOR_IDENTIFIER=Intel64 Family 6 Model 142 Stepping 9, GenuineIntel



---------------  S Y S T E M  ---------------

OS: Windows 10.0 , 64 bit Build 17134 (10.0.17134.753)

CPU:total 4 (initial active 4) (2 cores per cpu, 2 threads per core) family 6 model 142 stepping 9, cmov, cx8, fxsr, mmx, sse, sse2, sse3, ssse3, sse4.1, sse4.2, popcnt, avx, avx2, aes, clmul, erms, 3dnowpref, lzcnt, ht, tsc, tscinvbit, bmi1, bmi2, adx

Memory: 4k page, physical 4057116k(916660k free), swap 8241180k(5236k free)

vm_info: OpenJDK 64-Bit Server VM (25.152-b01) for windows-amd64 JRE (1.8.0_152-release-1343-b01), built by "builder" with MS VC++ 10.0 (VS2010)

time: Mon Aug 19 17:43:43 2019
elapsed time: 3 seconds (0d 0h 0m 3s)

