#
# There is insufficient memory for the Java Runtime Environment to continue.
# Native memory allocation (malloc) failed to allocate 1259296 bytes for Chunk::new
# Possible reasons:
#   The system is out of physical RAM or swap space
#   In 32 bit mode, the process size limit was hit
# Possible solutions:
#   Reduce memory load on the system
#   Increase physical memory or swap space
#   Check if swap backing store is full
#   Use 64 bit Java on a 64 bit OS
#   Decrease Java heap size (-Xmx/-Xms)
#   Decrease number of Java threads
#   Decrease Java thread stack sizes (-Xss)
#   Set larger code cache with -XX:ReservedCodeCacheSize=
# This output file may be truncated or incomplete.
#
#  Out of Memory Error (allocation.cpp:390), pid=13044, tid=0x0000000000001b68
#
# JRE version: OpenJDK Runtime Environment (8.0_152-b01) (build 1.8.0_152-release-1343-b01)
# Java VM: OpenJDK 64-Bit Server VM (25.152-b01 mixed mode windows-amd64 compressed oops)
# Failed to write core dump. Minidumps are not enabled by default on client versions of Windows
#

---------------  T H R E A D  ---------------

Current thread (0x00000000168f0000):  JavaThread "C2 CompilerThread1" daemon [_thread_in_native, id=7016, stack(0x0000000018040000,0x0000000018140000)]

Stack: [0x0000000018040000,0x0000000018140000]
[error occurred during error reporting (printing stack bounds), id 0xc0000005]

Native frames: (J=compiled Java code, j=interpreted, Vv=VM code, C=native code)


Current CompileTask:
C2:   3629 1433   !   4       java.net.URLClassLoader$1::run (63 bytes)


---------------  P R O C E S S  ---------------

Java Threads: ( => current thread )
  0x000000001a35c000 JavaThread "Cache worker for file hash cache (L:\Tattoo\.gradle\5.1.1\fileHashes)" [_thread_blocked, id=3540, stack(0x000000001d740000,0x000000001d840000)]
  0x000000001a35a800 JavaThread "Cache worker for journal cache (C:\Users\Tran Long\.gradle\caches\journal-1)" [_thread_blocked, id=12300, stack(0x000000001c370000,0x000000001c470000)]
  0x000000001a35b000 JavaThread "File lock request listener" [_thread_in_native, id=9040, stack(0x000000001c270000,0x000000001c370000)]
  0x00000000198ac800 JavaThread "Cache worker for file hash cache (C:\Users\Tran Long\.gradle\caches\5.1.1\fileHashes)" [_thread_blocked, id=7600, stack(0x000000001c170000,0x000000001c270000)]
  0x000000001a15b800 JavaThread "Thread-8" [_thread_blocked, id=8324, stack(0x000000001c070000,0x000000001c170000)]
  0x000000001a154800 JavaThread "Stdin handler" [_thread_blocked, id=1316, stack(0x000000001bf70000,0x000000001c070000)]
  0x000000001942a000 JavaThread "Asynchronous log dispatcher for DefaultDaemonConnection: socket connection from /127.0.0.1:49749 to /127.0.0.1:49751" [_thread_blocked, id=9660, stack(0x000000001be70000,0x000000001bf70000)]
  0x0000000019424000 JavaThread "Daemon worker" [_thread_in_Java, id=8708, stack(0x000000001bd70000,0x000000001be70000)]
  0x000000001a149800 JavaThread "Cancel handler" [_thread_blocked, id=1188, stack(0x000000001bc70000,0x000000001bd70000)]
  0x0000000019450800 JavaThread "Handler for socket connection from /127.0.0.1:49749 to /127.0.0.1:49751" [_thread_in_native, id=4420, stack(0x000000001b970000,0x000000001ba70000)]
  0x0000000019c4b800 JavaThread "Daemon" [_thread_blocked, id=9000, stack(0x000000001b870000,0x000000001b970000)]
  0x0000000019616800 JavaThread "Daemon periodic checks" [_thread_blocked, id=5028, stack(0x000000001b770000,0x000000001b870000)]
  0x0000000019fab000 JavaThread "Incoming local TCP Connector on port 49749" [_thread_in_native, id=8660, stack(0x000000001a010000,0x000000001a110000)]
  0x0000000018263000 JavaThread "Service Thread" daemon [_thread_blocked, id=10384, stack(0x0000000018640000,0x0000000018740000)]
  0x00000000168f5800 JavaThread "C1 CompilerThread2" daemon [_thread_blocked, id=9464, stack(0x0000000018140000,0x0000000018240000)]
=>0x00000000168f0000 JavaThread "C2 CompilerThread1" daemon [_thread_in_native, id=7016, stack(0x0000000018040000,0x0000000018140000)]
  0x00000000168ed000 JavaThread "C2 CompilerThread0" daemon [_thread_in_native, id=4904, stack(0x0000000017f40000,0x0000000018040000)]
  0x00000000168ec000 JavaThread "Attach Listener" daemon [_thread_blocked, id=7636, stack(0x0000000017e40000,0x0000000017f40000)]
  0x00000000168eb000 JavaThread "Signal Dispatcher" daemon [_thread_blocked, id=8692, stack(0x0000000017d40000,0x0000000017e40000)]
  0x00000000168d9800 JavaThread "Finalizer" daemon [_thread_blocked, id=11248, stack(0x0000000017b50000,0x0000000017c50000)]
  0x0000000002f73000 JavaThread "Reference Handler" daemon [_thread_blocked, id=7564, stack(0x0000000017a50000,0x0000000017b50000)]
  0x0000000000ffe800 JavaThread "main" [_thread_blocked, id=1192, stack(0x0000000002d40000,0x0000000002e40000)]

Other Threads:
  0x00000000168b6000 VMThread [stack: 0x0000000017950000,0x0000000017a50000] [id=11452]
  0x0000000018263800 WatcherThread [stack: 0x0000000018740000,0x0000000018840000] [id=5324]

VM state:not at safepoint (normal execution)

VM Mutex/Monitor currently owned by a thread: None

Heap:
 PSYoungGen      total 67584K, used 10942K [0x00000000e0000000, 0x00000000e4c00000, 0x0000000100000000)
  eden space 61952K, 8% used [0x00000000e0000000,0x00000000e0530868,0x00000000e3c80000)
  from space 5632K, 99% used [0x00000000e4380000,0x00000000e48ff328,0x00000000e4900000)
  to   space 7168K, 0% used [0x00000000e3c80000,0x00000000e3c80000,0x00000000e4380000)
 ParOldGen       total 42496K, used 5874K [0x00000000a0000000, 0x00000000a2980000, 0x00000000e0000000)
  object space 42496K, 13% used [0x00000000a0000000,0x00000000a05bcb60,0x00000000a2980000)
 Metaspace       used 15922K, capacity 16244K, committed 16512K, reserved 1062912K
  class space    used 2280K, capacity 2422K, committed 2432K, reserved 1048576K

Card table byte_map: [0x0000000012340000,0x0000000012650000] byte_map_base: 0x0000000011e40000

Marking Bits: (ParMarkBitMap*) 0x00000000777a5aa0
 Begin Bits: [0x0000000012c50000, 0x0000000014450000)
 End Bits:   [0x0000000014450000, 0x0000000015c50000)

Polling page: 0x0000000001560000

CodeCache: size=245760Kb used=5261Kb max_used=5261Kb free=240499Kb
 bounds [0x0000000002f80000, 0x00000000034b0000, 0x0000000011f80000]
 total_blobs=1895 nmethods=1507 adapters=301
 compilation: enabled

Compilation events (10 events):
Event: 3.508 Thread 0x00000000168f5800 1509       3       org.gradle.internal.service.DefaultServiceRegistry$SingletonService::getService (18 bytes)
Event: 3.508 Thread 0x00000000168f5800 nmethod 1509 0x000000000349fbd0 code [0x000000000349fd60, 0x000000000349ffd8]
Event: 3.622 Thread 0x00000000168f5800 1510       3       sun.misc.ProxyGenerator::codeLocalLoadStore (90 bytes)
Event: 3.623 Thread 0x00000000168f5800 nmethod 1510 0x00000000034a04d0 code [0x00000000034a0720, 0x00000000034a1848]
Event: 3.625 Thread 0x00000000168f5800 1511       3       sun.misc.ProxyGenerator$ConstantPool::getMethodRef (33 bytes)
Event: 3.626 Thread 0x00000000168f5800 nmethod 1511 0x00000000034a1ed0 code [0x00000000034a2160, 0x00000000034a2f08]
Event: 3.626 Thread 0x00000000168f5800 1512       3       sun.misc.ProxyGenerator::access$900 (5 bytes)
Event: 3.626 Thread 0x00000000168f5800 nmethod 1512 0x00000000034a3a10 code [0x00000000034a3b80, 0x00000000034a3de8]
Event: 3.626 Thread 0x00000000168f5800 1513       3       java.io.ByteArrayOutputStream::<init> (43 bytes)
Event: 3.627 Thread 0x00000000168f5800 nmethod 1513 0x00000000034a3ed0 code [0x00000000034a40c0, 0x00000000034a4a38]

GC Heap History (10 events):
Event: 0.803 GC heap before
{Heap before GC invocations=2 (full 0):
 PSYoungGen      total 18432K, used 18417K [0x00000000e0000000, 0x00000000e1480000, 0x0000000100000000)
  eden space 15872K, 100% used [0x00000000e0000000,0x00000000e0f80000,0x00000000e0f80000)
  from space 2560K, 99% used [0x00000000e0f80000,0x00000000e11fc610,0x00000000e1200000)
  to   space 2560K, 0% used [0x00000000e1200000,0x00000000e1200000,0x00000000e1480000)
 ParOldGen       total 42496K, used 43K [0x00000000a0000000, 0x00000000a2980000, 0x00000000e0000000)
  object space 42496K, 0% used [0x00000000a0000000,0x00000000a000acd8,0x00000000a2980000)
 Metaspace       used 6614K, capacity 6718K, committed 6784K, reserved 1056768K
  class space    used 805K, capacity 843K, committed 896K, reserved 1048576K
Event: 0.812 GC heap after
Heap after GC invocations=2 (full 0):
 PSYoungGen      total 18432K, used 2555K [0x00000000e0000000, 0x00000000e2400000, 0x0000000100000000)
  eden space 15872K, 0% used [0x00000000e0000000,0x00000000e0000000,0x00000000e0f80000)
  from space 2560K, 99% used [0x00000000e1200000,0x00000000e147ee18,0x00000000e1480000)
  to   space 2560K, 0% used [0x00000000e0f80000,0x00000000e0f80000,0x00000000e1200000)
 ParOldGen       total 42496K, used 262K [0x00000000a0000000, 0x00000000a2980000, 0x00000000e0000000)
  object space 42496K, 0% used [0x00000000a0000000,0x00000000a0041a30,0x00000000a2980000)
 Metaspace       used 6614K, capacity 6718K, committed 6784K, reserved 1056768K
  class space    used 805K, capacity 843K, committed 896K, reserved 1048576K
}
Event: 1.273 GC heap before
{Heap before GC invocations=3 (full 0):
 PSYoungGen      total 18432K, used 18427K [0x00000000e0000000, 0x00000000e2400000, 0x0000000100000000)
  eden space 15872K, 100% used [0x00000000e0000000,0x00000000e0f80000,0x00000000e0f80000)
  from space 2560K, 99% used [0x00000000e1200000,0x00000000e147ee18,0x00000000e1480000)
  to   space 2560K, 0% used [0x00000000e0f80000,0x00000000e0f80000,0x00000000e1200000)
 ParOldGen       total 42496K, used 262K [0x00000000a0000000, 0x00000000a2980000, 0x00000000e0000000)
  object space 42496K, 0% used [0x00000000a0000000,0x00000000a0041a30,0x00000000a2980000)
 Metaspace       used 6771K, capacity 6952K, committed 7040K, reserved 1056768K
  class space    used 819K, capacity 877K, committed 896K, reserved 1048576K
Event: 1.280 GC heap after
Heap after GC invocations=3 (full 0):
 PSYoungGen      total 18432K, used 2544K [0x00000000e0000000, 0x00000000e2400000, 0x0000000100000000)
  eden space 15872K, 0% used [0x00000000e0000000,0x00000000e0000000,0x00000000e0f80000)
  from space 2560K, 99% used [0x00000000e0f80000,0x00000000e11fc1f8,0x00000000e1200000)
  to   space 2560K, 0% used [0x00000000e2180000,0x00000000e2180000,0x00000000e2400000)
 ParOldGen       total 42496K, used 359K [0x00000000a0000000, 0x00000000a2980000, 0x00000000e0000000)
  object space 42496K, 0% used [0x00000000a0000000,0x00000000a0059f48,0x00000000a2980000)
 Metaspace       used 6771K, capacity 6952K, committed 7040K, reserved 1056768K
  class space    used 819K, capacity 877K, committed 896K, reserved 1048576K
}
Event: 1.623 GC heap before
{Heap before GC invocations=4 (full 0):
 PSYoungGen      total 18432K, used 18416K [0x00000000e0000000, 0x00000000e2400000, 0x0000000100000000)
  eden space 15872K, 100% used [0x00000000e0000000,0x00000000e0f80000,0x00000000e0f80000)
  from space 2560K, 99% used [0x00000000e0f80000,0x00000000e11fc1f8,0x00000000e1200000)
  to   space 2560K, 0% used [0x00000000e2180000,0x00000000e2180000,0x00000000e2400000)
 ParOldGen       total 42496K, used 359K [0x00000000a0000000, 0x00000000a2980000, 0x00000000e0000000)
  object space 42496K, 0% used [0x00000000a0000000,0x00000000a0059f48,0x00000000a2980000)
 Metaspace       used 8146K, capacity 8408K, committed 8576K, reserved 1056768K
  class space    used 1028K, capacity 1108K, committed 1152K, reserved 1048576K
Event: 1.627 GC heap after
Heap after GC invocations=4 (full 0):
 PSYoungGen      total 34304K, used 2544K [0x00000000e0000000, 0x00000000e2400000, 0x0000000100000000)
  eden space 31744K, 0% used [0x00000000e0000000,0x00000000e0000000,0x00000000e1f00000)
  from space 2560K, 99% used [0x00000000e2180000,0x00000000e23fc010,0x00000000e2400000)
  to   space 2560K, 0% used [0x00000000e1f00000,0x00000000e1f00000,0x00000000e2180000)
 ParOldGen       total 42496K, used 1366K [0x00000000a0000000, 0x00000000a2980000, 0x00000000e0000000)
  object space 42496K, 3% used [0x00000000a0000000,0x00000000a0155988,0x00000000a2980000)
 Metaspace       used 8146K, capacity 8408K, committed 8576K, reserved 1056768K
  class space    used 1028K, capacity 1108K, committed 1152K, reserved 1048576K
}
Event: 2.945 GC heap before
{Heap before GC invocations=5 (full 0):
 PSYoungGen      total 34304K, used 34288K [0x00000000e0000000, 0x00000000e2400000, 0x0000000100000000)
  eden space 31744K, 100% used [0x00000000e0000000,0x00000000e1f00000,0x00000000e1f00000)
  from space 2560K, 99% used [0x00000000e2180000,0x00000000e23fc010,0x00000000e2400000)
  to   space 2560K, 0% used [0x00000000e1f00000,0x00000000e1f00000,0x00000000e2180000)
 ParOldGen       total 42496K, used 1366K [0x00000000a0000000, 0x00000000a2980000, 0x00000000e0000000)
  object space 42496K, 3% used [0x00000000a0000000,0x00000000a0155988,0x00000000a2980000)
 Metaspace       used 12679K, capacity 12990K, committed 13184K, reserved 1060864K
  class space    used 1740K, capacity 1865K, committed 1920K, reserved 1048576K
Event: 2.955 GC heap after
Heap after GC invocations=5 (full 0):
 PSYoungGen      total 34304K, used 2560K [0x00000000e0000000, 0x00000000e4900000, 0x0000000100000000)
  eden space 31744K, 0% used [0x00000000e0000000,0x00000000e0000000,0x00000000e1f00000)
  from space 2560K, 100% used [0x00000000e1f00000,0x00000000e2180000,0x00000000e2180000)
  to   space 5632K, 0% used [0x00000000e4380000,0x00000000e4380000,0x00000000e4900000)
 ParOldGen       total 42496K, used 4989K [0x00000000a0000000, 0x00000000a2980000, 0x00000000e0000000)
  object space 42496K, 11% used [0x00000000a0000000,0x00000000a04df650,0x00000000a2980000)
 Metaspace       used 12679K, capacity 12990K, committed 13184K, reserved 1060864K
  class space    used 1740K, capacity 1865K, committed 1920K, reserved 1048576K
}
Event: 3.441 GC heap before
{Heap before GC invocations=6 (full 0):
 PSYoungGen      total 34304K, used 34304K [0x00000000e0000000, 0x00000000e4900000, 0x0000000100000000)
  eden space 31744K, 100% used [0x00000000e0000000,0x00000000e1f00000,0x00000000e1f00000)
  from space 2560K, 100% used [0x00000000e1f00000,0x00000000e2180000,0x00000000e2180000)
  to   space 5632K, 0% used [0x00000000e4380000,0x00000000e4380000,0x00000000e4900000)
 ParOldGen       total 42496K, used 4989K [0x00000000a0000000, 0x00000000a2980000, 0x00000000e0000000)
  object space 42496K, 11% used [0x00000000a0000000,0x00000000a04df650,0x00000000a2980000)
 Metaspace       used 15416K, capacity 15764K, committed 16000K, reserved 1062912K
  class space    used 2193K, capacity 2326K, committed 2432K, reserved 1048576K
Event: 3.452 GC heap after
Heap after GC invocations=6 (full 0):
 PSYoungGen      total 67584K, used 5628K [0x00000000e0000000, 0x00000000e4c00000, 0x0000000100000000)
  eden space 61952K, 0% used [0x00000000e0000000,0x00000000e0000000,0x00000000e3c80000)
  from space 5632K, 99% used [0x00000000e4380000,0x00000000e48ff328,0x00000000e4900000)
  to   space 7168K, 0% used [0x00000000e3c80000,0x00000000e3c80000,0x00000000e4380000)
 ParOldGen       total 42496K, used 5874K [0x00000000a0000000, 0x00000000a2980000, 0x00000000e0000000)
  object space 42496K, 13% used [0x00000000a0000000,0x00000000a05bcb60,0x00000000a2980000)
 Metaspace       used 15416K, capacity 15764K, committed 16000K, reserved 1062912K
  class space    used 2193K, capacity 2326K, committed 2432K, reserved 1048576K
}

Deoptimization events (10 events):
Event: 2.063 Thread 0x0000000000ffe800 Uncommon trap: reason=unstable_if action=reinterpret pc=0x00000000032a5f88 method=java.io.WinNTFileSystem.normalize(Ljava/lang/String;II)Ljava/lang/String; @ 90
Event: 2.582 Thread 0x0000000019450800 Uncommon trap: reason=unstable_if action=reinterpret pc=0x0000000003356830 method=java.util.concurrent.ConcurrentHashMap.putVal(Ljava/lang/Object;Ljava/lang/Object;Z)Ljava/lang/Object; @ 206
Event: 2.662 Thread 0x0000000019424000 Uncommon trap: reason=bimorphic action=maybe_recompile pc=0x000000000323039c method=java.util.HashMap.putVal(ILjava/lang/Object;Ljava/lang/Object;ZZ)Ljava/lang/Object; @ 253
Event: 2.662 Thread 0x0000000019424000 Uncommon trap: reason=bimorphic action=maybe_recompile pc=0x000000000323039c method=java.util.HashMap.putVal(ILjava/lang/Object;Ljava/lang/Object;ZZ)Ljava/lang/Object; @ 253
Event: 2.662 Thread 0x0000000019424000 Uncommon trap: reason=bimorphic action=maybe_recompile pc=0x000000000323039c method=java.util.HashMap.putVal(ILjava/lang/Object;Ljava/lang/Object;ZZ)Ljava/lang/Object; @ 253
Event: 3.002 Thread 0x0000000019424000 Uncommon trap: reason=class_check action=maybe_recompile pc=0x00000000032645d8 method=java.util.regex.Matcher.match(II)Z @ 86
Event: 3.018 Thread 0x0000000019424000 Uncommon trap: reason=class_check action=maybe_recompile pc=0x00000000032645d8 method=java.util.regex.Matcher.match(II)Z @ 86
Event: 3.019 Thread 0x0000000019424000 Uncommon trap: reason=class_check action=maybe_recompile pc=0x00000000032645d8 method=java.util.regex.Matcher.match(II)Z @ 86
Event: 3.019 Thread 0x0000000019424000 Uncommon trap: reason=class_check action=maybe_recompile pc=0x0000000003226e9c method=java.util.regex.Matcher.match(II)Z @ 86
Event: 3.377 Thread 0x0000000019424000 Uncommon trap: reason=unstable_if action=reinterpret pc=0x000000000338a474 method=java.lang.String.lastIndexOf([CII[CIII)I @ 66

Classes redefined (0 events):
No events

Internal exceptions (10 events):
Event: 2.586 Thread 0x0000000019450800 Exception <a 'java/lang/NoSuchMethodError': <clinit>> (0x00000000e0ceb7b0) thrown at [D:\src\AOSP-openjdk-cygwin\jdk8u\hotspot\src\share\vm\prims\jni.cpp, line 1613]
Event: 2.588 Thread 0x0000000019450800 Exception <a 'java/lang/NoSuchMethodError': <clinit>> (0x00000000e0d004f0) thrown at [D:\src\AOSP-openjdk-cygwin\jdk8u\hotspot\src\share\vm\prims\jni.cpp, line 1613]
Event: 2.593 Thread 0x0000000019450800 Exception <a 'java/lang/NoSuchMethodError': <clinit>> (0x00000000e0d13570) thrown at [D:\src\AOSP-openjdk-cygwin\jdk8u\hotspot\src\share\vm\prims\jni.cpp, line 1613]
Event: 2.598 Thread 0x0000000019450800 Exception <a 'java/lang/NoSuchMethodError': <clinit>> (0x00000000e0d3a350) thrown at [D:\src\AOSP-openjdk-cygwin\jdk8u\hotspot\src\share\vm\prims\jni.cpp, line 1613]
Event: 2.602 Thread 0x0000000019450800 Exception <a 'java/lang/NoSuchMethodError': <clinit>> (0x00000000e0d51fa8) thrown at [D:\src\AOSP-openjdk-cygwin\jdk8u\hotspot\src\share\vm\prims\jni.cpp, line 1613]
Event: 2.603 Thread 0x0000000019450800 Exception <a 'java/lang/NoSuchMethodError': <clinit>> (0x00000000e0d5aa70) thrown at [D:\src\AOSP-openjdk-cygwin\jdk8u\hotspot\src\share\vm\prims\jni.cpp, line 1613]
Event: 2.606 Thread 0x0000000019450800 Exception <a 'java/lang/NoSuchMethodError': <clinit>> (0x00000000e0d70c38) thrown at [D:\src\AOSP-openjdk-cygwin\jdk8u\hotspot\src\share\vm\prims\jni.cpp, line 1613]
Event: 2.616 Thread 0x0000000019450800 Exception <a 'java/lang/NoSuchMethodError': <clinit>> (0x00000000e0dd02f0) thrown at [D:\src\AOSP-openjdk-cygwin\jdk8u\hotspot\src\share\vm\prims\jni.cpp, line 1613]
Event: 2.623 Thread 0x0000000019450800 Exception <a 'java/lang/NoSuchMethodError': <clinit>> (0x00000000e0dfc538) thrown at [D:\src\AOSP-openjdk-cygwin\jdk8u\hotspot\src\share\vm\prims\jni.cpp, line 1613]
Event: 2.626 Thread 0x0000000019450800 Exception <a 'java/lang/NoSuchMethodError': <clinit>> (0x00000000e0e18980) thrown at [D:\src\AOSP-openjdk-cygwin\jdk8u\hotspot\src\share\vm\prims\jni.cpp, line 1613]

Events (10 events):
Event: 3.619 loading class sun/reflect/annotation/ExceptionProxy done
Event: 3.619 loading class sun/reflect/annotation/AnnotationTypeMismatchExceptionProxy done
Event: 3.619 loading class sun/reflect/annotation/AnnotationParser$1
Event: 3.620 loading class sun/reflect/annotation/AnnotationParser$1 done
Event: 3.620 loading class sun/reflect/annotation/AnnotationInvocationHandler
Event: 3.621 loading class sun/reflect/annotation/AnnotationInvocationHandler done
Event: 3.621 loading class java/lang/annotation/Target
Event: 3.622 loading class java/lang/annotation/Target done
Event: 3.624 loading class java/lang/annotation/ElementType
Event: 3.624 loading class java/lang/annotation/ElementType done


Dynamic libraries:
0x00007ff628c70000 - 0x00007ff628ca1000 	C:\Program Files\Android\Android Studio\jre\bin\java.exe
0x00007ffdebeb0000 - 0x00007ffdec091000 	C:\WINDOWS\SYSTEM32\ntdll.dll
0x00007ffde95e0000 - 0x00007ffde9691000 	C:\WINDOWS\System32\KERNEL32.DLL
0x00007ffde8280000 - 0x00007ffde84f3000 	C:\WINDOWS\System32\KERNELBASE.dll
0x00007ffdea180000 - 0x00007ffdea221000 	C:\WINDOWS\System32\ADVAPI32.dll
0x00007ffdebc30000 - 0x00007ffdebcce000 	C:\WINDOWS\System32\msvcrt.dll
0x00007ffdebd40000 - 0x00007ffdebd9b000 	C:\WINDOWS\System32\sechost.dll
0x00007ffde9b60000 - 0x00007ffde9c84000 	C:\WINDOWS\System32\RPCRT4.dll
0x00007ffde99d0000 - 0x00007ffde9b60000 	C:\WINDOWS\System32\USER32.dll
0x00007ffde88c0000 - 0x00007ffde88e0000 	C:\WINDOWS\System32\win32u.dll
0x00007ffdebbf0000 - 0x00007ffdebc18000 	C:\WINDOWS\System32\GDI32.dll
0x00007ffde91a0000 - 0x00007ffde9331000 	C:\WINDOWS\System32\gdi32full.dll
0x00007ffde8500000 - 0x00007ffde859f000 	C:\WINDOWS\System32\msvcp_win.dll
0x00007ffde8990000 - 0x00007ffde8a88000 	C:\WINDOWS\System32\ucrtbase.dll
0x00007ffddef10000 - 0x00007ffddf179000 	C:\WINDOWS\WinSxS\amd64_microsoft.windows.common-controls_6595b64144ccf1df_6.0.17134.950_none_fb3da4273069d3e0\COMCTL32.dll
0x00007ffde96a0000 - 0x00007ffde99c2000 	C:\WINDOWS\System32\combase.dll
0x00007ffde8840000 - 0x00007ffde88b9000 	C:\WINDOWS\System32\bcryptPrimitives.dll
0x00007ffdea150000 - 0x00007ffdea17d000 	C:\WINDOWS\System32\IMM32.DLL
0x0000000050100000 - 0x00000000501d2000 	C:\Program Files\Android\Android Studio\jre\jre\bin\msvcr100.dll
0x0000000076fe0000 - 0x0000000077821000 	C:\Program Files\Android\Android Studio\jre\jre\bin\server\jvm.dll
0x00007ffdebc20000 - 0x00007ffdebc28000 	C:\WINDOWS\System32\PSAPI.DLL
0x00007ffddea40000 - 0x00007ffddea63000 	C:\WINDOWS\SYSTEM32\WINMM.dll
0x00007ffddf180000 - 0x00007ffddf18a000 	C:\WINDOWS\SYSTEM32\VERSION.dll
0x00007ffddcd20000 - 0x00007ffddcd29000 	C:\WINDOWS\SYSTEM32\WSOCK32.dll
0x00007ffde9c90000 - 0x00007ffde9cfc000 	C:\WINDOWS\System32\WS2_32.dll
0x00007ffdde830000 - 0x00007ffdde85a000 	C:\WINDOWS\SYSTEM32\WINMMBASE.dll
0x00007ffde88e0000 - 0x00007ffde8929000 	C:\WINDOWS\System32\cfgmgr32.dll
0x00007ffde3160000 - 0x00007ffde316f000 	C:\Program Files\Android\Android Studio\jre\jre\bin\verify.dll
0x00007ffdde320000 - 0x00007ffdde349000 	C:\Program Files\Android\Android Studio\jre\jre\bin\java.dll
0x00007ffde2ec0000 - 0x00007ffde2ed6000 	C:\Program Files\Android\Android Studio\jre\jre\bin\zip.dll
0x00007ffdea230000 - 0x00007ffdeb670000 	C:\WINDOWS\System32\SHELL32.dll
0x00007ffdebb40000 - 0x00007ffdebbe9000 	C:\WINDOWS\System32\shcore.dll
0x00007ffde8a90000 - 0x00007ffde919d000 	C:\WINDOWS\System32\windows.storage.dll
0x00007ffdebda0000 - 0x00007ffdebdf1000 	C:\WINDOWS\System32\shlwapi.dll
0x00007ffde8240000 - 0x00007ffde8251000 	C:\WINDOWS\System32\kernel.appcore.dll
0x00007ffde8260000 - 0x00007ffde827f000 	C:\WINDOWS\System32\profapi.dll
0x00007ffde81f0000 - 0x00007ffde823c000 	C:\WINDOWS\System32\powrprof.dll
0x00007ffde81e0000 - 0x00007ffde81ea000 	C:\WINDOWS\System32\FLTLIB.DLL
0x00007ffde1480000 - 0x00007ffde149a000 	C:\Program Files\Android\Android Studio\jre\jre\bin\net.dll
0x00007ffde7a40000 - 0x00007ffde7aa6000 	C:\WINDOWS\system32\mswsock.dll
0x00007ffde0970000 - 0x00007ffde0981000 	C:\Program Files\Android\Android Studio\jre\jre\bin\nio.dll
0x00007ffde1460000 - 0x00007ffde147e000 	C:\Users\Tran Long\.gradle\native\25\windows-amd64\native-platform.dll
0x00007ffde3150000 - 0x00007ffde315d000 	C:\Program Files\Android\Android Studio\jre\jre\bin\management.dll
0x00007ffde7bf0000 - 0x00007ffde7c07000 	C:\WINDOWS\SYSTEM32\CRYPTSP.dll
0x00007ffde75f0000 - 0x00007ffde7623000 	C:\WINDOWS\system32\rsaenh.dll
0x00007ffde7d20000 - 0x00007ffde7d45000 	C:\WINDOWS\SYSTEM32\bcrypt.dll
0x00007ffde80c0000 - 0x00007ffde80e8000 	C:\WINDOWS\SYSTEM32\USERENV.dll
0x00007ffde7c10000 - 0x00007ffde7c1b000 	C:\WINDOWS\SYSTEM32\CRYPTBASE.dll
0x00007ffde7790000 - 0x00007ffde77c8000 	C:\WINDOWS\SYSTEM32\IPHLPAPI.DLL
0x00007ffdebd30000 - 0x00007ffdebd38000 	C:\WINDOWS\System32\NSI.dll
0x00007ffde1620000 - 0x00007ffde1636000 	C:\WINDOWS\SYSTEM32\dhcpcsvc6.DLL
0x00007ffde1e20000 - 0x00007ffde1e3a000 	C:\WINDOWS\SYSTEM32\dhcpcsvc.DLL

VM Arguments:
jvm_args: -Xmx1536m -Dfile.encoding=windows-1252 -Duser.country=US -Duser.language=en -Duser.variant 
java_command: org.gradle.launcher.daemon.bootstrap.GradleDaemon 5.1.1
java_class_path (initial): C:\Users\Tran Long\.gradle\wrapper\dists\gradle-5.1.1-all\97z1ksx6lirer3kbvdnh7jtjg\gradle-5.1.1\lib\gradle-launcher-5.1.1.jar
Launcher Type: SUN_STANDARD

Environment Variables:
PATH=C:\Program Files\Microsoft MPI\Bin\;C:\Program Files (x86)\Common Files\Oracle\Java\javapath;C:\WINDOWS\system32;C:\WINDOWS;C:\WINDOWS\System32\Wbem;C:\WINDOWS\System32\WindowsPowerShell\v1.0\;C:\Program Files (x86)\Microsoft SQL Server\140\Tools\Binn\;C:\Program Files\Microsoft SQL Server\140\Tools\Binn\;C:\Program Files (x86)\Microsoft SQL Server\140\DTS\Binn\;C:\Program Files\Microsoft SQL Server\140\DTS\Binn\;C:\Program Files\Microsoft SQL Server\Client SDK\ODBC\130\Tools\Binn\;C:\Program Files (x86)\Microsoft SQL Server\Client SDK\ODBC\130\Tools\Binn\;C:\Program Files (x86)\Microsoft SQL Server\140\Tools\Binn\ManagementStudio\;C:\Program Files\Microsoft SQL Server\130\Tools\Binn\;C:\WINDOWS\System32\OpenSSH\;C:\Program Files\Git\cmd;C:\Program Files\dotnet\;C:\Users\Tran Long\AppData\Local\Android\Sdk\platform-tools;C:\Program Files\nodejs\;"C:\Users\Tran Long\AppData\Local\Microsoft\WindowsApps;C:\Users\Tran Long\AppData\Local\Android\Sdk\platform-tools";C:\Users\Tran Long\AppData\Local\GitHubDesktop\bin;C:\Users\Tran Long\AppData\Local\Microsoft\WindowsApps;C:\Users\Tran Long\AppData\Roaming\npm
USERNAME=Tran Long
OS=Windows_NT
PROCESSOR_IDENTIFIER=Intel64 Family 6 Model 142 Stepping 9, GenuineIntel



---------------  S Y S T E M  ---------------

OS: Windows 10.0 , 64 bit Build 17134 (10.0.17134.753)

CPU:total 4 (initial active 4) (2 cores per cpu, 2 threads per core) family 6 model 142 stepping 9, cmov, cx8, fxsr, mmx, sse, sse2, sse3, ssse3, sse4.1, sse4.2, popcnt, avx, avx2, aes, clmul, erms, 3dnowpref, lzcnt, ht, tsc, tscinvbit, bmi1, bmi2, adx

Memory: 4k page, physical 4057116k(935700k free), swap 8241180k(7292k free)

vm_info: OpenJDK 64-Bit Server VM (25.152-b01) for windows-amd64 JRE (1.8.0_152-release-1343-b01), built by "builder" with MS VC++ 10.0 (VS2010)

time: Mon Aug 19 17:43:12 2019
elapsed time: 3 seconds (0d 0h 0m 3s)

