#
# There is insufficient memory for the Java Runtime Environment to continue.
# Native memory allocation (malloc) failed to allocate 1136576 bytes for Chunk::new
# Possible reasons:
#   The system is out of physical RAM or swap space
#   In 32 bit mode, the process size limit was hit
# Possible solutions:
#   Reduce memory load on the system
#   Increase physical memory or swap space
#   Check if swap backing store is full
#   Use 64 bit Java on a 64 bit OS
#   Decrease Java heap size (-Xmx/-Xms)
#   Decrease number of Java threads
#   Decrease Java thread stack sizes (-Xss)
#   Set larger code cache with -XX:ReservedCodeCacheSize=
# This output file may be truncated or incomplete.
#
#  Out of Memory Error (allocation.cpp:390), pid=12952, tid=0x0000000000001b68
#
# JRE version: OpenJDK Runtime Environment (8.0_152-b01) (build 1.8.0_152-release-1343-b01)
# Java VM: OpenJDK 64-Bit Server VM (25.152-b01 mixed mode windows-amd64 compressed oops)
# Failed to write core dump. Minidumps are not enabled by default on client versions of Windows
#

---------------  T H R E A D  ---------------

Current thread (0x0000000016c31000):  JavaThread "C2 CompilerThread1" daemon [_thread_in_native, id=7016, stack(0x0000000018380000,0x0000000018480000)]

Stack: [0x0000000018380000,0x0000000018480000]
[error occurred during error reporting (printing stack bounds), id 0xc0000005]

Native frames: (J=compiled Java code, j=interpreted, Vv=VM code, C=native code)


Current CompileTask:
C2:  23824 8086   !   4       java.io.ObjectOutputStream::writeObject0 (619 bytes)


---------------  P R O C E S S  ---------------

Java Threads: ( => current thread )
  0x0000000019ab2800 JavaThread "Cache worker for execution history cache (L:\Tattoo\.gradle\5.1.1\executionHistory)" [_thread_blocked, id=7092, stack(0x0000000023980000,0x0000000023a80000)]
  0x0000000019ab2000 JavaThread "Execution worker for ':' Thread 3" [_thread_in_native, id=5928, stack(0x0000000023570000,0x0000000023670000)]
  0x0000000019aad800 JavaThread "Execution worker for ':' Thread 2" [_thread_blocked, id=6996, stack(0x0000000023470000,0x0000000023570000)]
  0x0000000019ab1000 JavaThread "Execution worker for ':'" [_thread_blocked, id=10824, stack(0x0000000023370000,0x0000000023470000)]
  0x0000000019ab3800 JavaThread "Memory manager" [_thread_blocked, id=2296, stack(0x0000000022be0000,0x0000000022ce0000)]
  0x0000000019aa9800 JavaThread "Cache worker for Build Output Cleanup Cache (L:\Tattoo\.gradle\buildOutputCleanup)" [_thread_blocked, id=9612, stack(0x0000000021ae0000,0x0000000021be0000)]
  0x0000000019aac800 JavaThread "Build operations Thread 4" [_thread_blocked, id=2120, stack(0x00000000213e0000,0x00000000214e0000)]
  0x0000000019aa7800 JavaThread "Build operations Thread 3" [_thread_blocked, id=6388, stack(0x00000000212e0000,0x00000000213e0000)]
  0x0000000019aa9000 JavaThread "Build operations Thread 2" [_thread_blocked, id=10640, stack(0x00000000211e0000,0x00000000212e0000)]
  0x0000000019aab000 JavaThread "Build operations" [_thread_blocked, id=2744, stack(0x00000000210e0000,0x00000000211e0000)]
  0x000000001a0a3800 JavaThread "Cache worker for execution history cache (C:\Users\Tran Long\.gradle\caches\5.1.1\executionHistory)" [_thread_blocked, id=8060, stack(0x0000000020890000,0x0000000020990000)]
  0x000000001a0a2000 JavaThread "Cache worker for cache directory md-rule (C:\Users\Tran Long\.gradle\caches\5.1.1\md-rule)" [_thread_blocked, id=7648, stack(0x000000001f0f0000,0x000000001f1f0000)]
  0x000000001a0a5000 JavaThread "Cache worker for cache directory md-supplier (C:\Users\Tran Long\.gradle\caches\5.1.1\md-supplier)" [_thread_blocked, id=1384, stack(0x000000001ed40000,0x000000001ee40000)]
  0x000000001a0a6800 JavaThread "Cache worker for file hash cache (L:\Tattoo\.gradle\5.1.1\fileHashes)" [_thread_blocked, id=4100, stack(0x000000001da70000,0x000000001db70000)]
  0x000000001a0a2800 JavaThread "Cache worker for journal cache (C:\Users\Tran Long\.gradle\caches\journal-1)" [_thread_blocked, id=9488, stack(0x000000001c6a0000,0x000000001c7a0000)]
  0x000000001a0a8000 JavaThread "File lock request listener" [_thread_in_native, id=9388, stack(0x000000001c5a0000,0x000000001c6a0000)]
  0x000000001a59d800 JavaThread "Cache worker for file hash cache (C:\Users\Tran Long\.gradle\caches\5.1.1\fileHashes)" [_thread_blocked, id=9280, stack(0x000000001c4a0000,0x000000001c5a0000)]
  0x0000000019f59800 JavaThread "Thread-8" [_thread_blocked, id=756, stack(0x000000001c3a0000,0x000000001c4a0000)]
  0x000000001a331000 JavaThread "Stdin handler" [_thread_blocked, id=8376, stack(0x000000001c2a0000,0x000000001c3a0000)]
  0x000000001a32a800 JavaThread "Asynchronous log dispatcher for DefaultDaemonConnection: socket connection from /127.0.0.1:49941 to /127.0.0.1:49942" [_thread_blocked, id=11636, stack(0x000000001c1a0000,0x000000001c2a0000)]
  0x000000001a332000 JavaThread "Daemon worker" [_thread_blocked, id=9628, stack(0x000000001c0a0000,0x000000001c1a0000)]
  0x000000001a334800 JavaThread "Cancel handler" [_thread_blocked, id=5112, stack(0x000000001bfa0000,0x000000001c0a0000)]
  0x000000001a3cc800 JavaThread "Handler for socket connection from /127.0.0.1:49941 to /127.0.0.1:49942" [_thread_in_native, id=7528, stack(0x000000001bca0000,0x000000001bda0000)]
  0x000000001a3cc000 JavaThread "Daemon" [_thread_blocked, id=11408, stack(0x000000001bba0000,0x000000001bca0000)]
  0x0000000019bc8000 JavaThread "Daemon periodic checks" [_thread_blocked, id=2200, stack(0x000000001baa0000,0x000000001bba0000)]
  0x0000000019bc7000 JavaThread "Incoming local TCP Connector on port 49941" [_thread_in_native, id=3964, stack(0x000000001b860000,0x000000001b960000)]
  0x00000000185ac000 JavaThread "Service Thread" daemon [_thread_blocked, id=11604, stack(0x0000000018980000,0x0000000018a80000)]
  0x0000000016c3a000 JavaThread "C1 CompilerThread2" daemon [_thread_blocked, id=1248, stack(0x0000000018480000,0x0000000018580000)]
=>0x0000000016c31000 JavaThread "C2 CompilerThread1" daemon [_thread_in_native, id=7016, stack(0x0000000018380000,0x0000000018480000)]
  0x0000000016c2d000 JavaThread "C2 CompilerThread0" daemon [_thread_blocked, id=9040, stack(0x0000000018280000,0x0000000018380000)]
  0x0000000016c2b800 JavaThread "Attach Listener" daemon [_thread_blocked, id=10540, stack(0x0000000018180000,0x0000000018280000)]
  0x0000000016c2a800 JavaThread "Signal Dispatcher" daemon [_thread_blocked, id=6632, stack(0x0000000018080000,0x0000000018180000)]
  0x00000000032bc000 JavaThread "Finalizer" daemon [_thread_blocked, id=6100, stack(0x0000000017e90000,0x0000000017f90000)]
  0x00000000032b1000 JavaThread "Reference Handler" daemon [_thread_blocked, id=11764, stack(0x0000000017d90000,0x0000000017e90000)]
  0x00000000012de800 JavaThread "main" [_thread_blocked, id=9240, stack(0x0000000002ff0000,0x00000000030f0000)]

Other Threads:
  0x0000000016bf6800 VMThread [stack: 0x0000000017c90000,0x0000000017d90000] [id=8304]
  0x00000000185ac800 WatcherThread [stack: 0x0000000018a80000,0x0000000018b80000] [id=6472]

VM state:not at safepoint (normal execution)

VM Mutex/Monitor currently owned by a thread: None

Heap:
 PSYoungGen      total 125952K, used 85623K [0x00000000e0000000, 0x00000000e8b80000, 0x0000000100000000)
  eden space 116224K, 66% used [0x00000000e0000000,0x00000000e4b5be80,0x00000000e7180000)
  from space 9728K, 86% used [0x00000000e8200000,0x00000000e8a42088,0x00000000e8b80000)
  to   space 13312K, 0% used [0x00000000e7180000,0x00000000e7180000,0x00000000e7e80000)
 ParOldGen       total 58880K, used 33729K [0x00000000a0000000, 0x00000000a3980000, 0x00000000e0000000)
  object space 58880K, 57% used [0x00000000a0000000,0x00000000a20f0750,0x00000000a3980000)
 Metaspace       used 64447K, capacity 66868K, committed 67160K, reserved 1107968K
  class space    used 8734K, capacity 9250K, committed 9344K, reserved 1048576K

Card table byte_map: [0x0000000012680000,0x0000000012990000] byte_map_base: 0x0000000012180000

Marking Bits: (ParMarkBitMap*) 0x00000000777a5aa0
 Begin Bits: [0x0000000012f90000, 0x0000000014790000)
 End Bits:   [0x0000000014790000, 0x0000000015f90000)

Polling page: 0x00000000030f0000

CodeCache: size=245760Kb used=22015Kb max_used=22185Kb free=223745Kb
 bounds [0x00000000032c0000, 0x0000000004890000, 0x00000000122c0000]
 total_blobs=7897 nmethods=7095 adapters=715
 compilation: enabled

Compilation events (10 events):
Event: 23.534 Thread 0x0000000016c3a000 nmethod 8083 0x00000000037d7810 code [0x00000000037d79c0, 0x00000000037d80a8]
Event: 23.534 Thread 0x0000000016c2d000 8084 %     4       org.apache.commons.io.FilenameUtils::doNormalize @ 74 (534 bytes)
Event: 23.538 Thread 0x0000000016c3a000 8085       3       java.util.LinkedList::add (32 bytes)
Event: 23.539 Thread 0x0000000016c3a000 nmethod 8085 0x0000000003cbb450 code [0x0000000003cbb620, 0x0000000003cbbb48]
Event: 23.562 Thread 0x0000000016c2d000 nmethod 8084% 0x00000000038a0a10 code [0x00000000038a0ba0, 0x00000000038a1778]
Event: 23.600 Thread 0x0000000016c31000 8086   !   4       java.io.ObjectOutputStream::writeObject0 (619 bytes)
Event: 23.601 Thread 0x0000000016c3a000 8087       1       org.gradle.api.internal.tasks.DefaultTaskInputFilePropertySpec::getPropertyName (5 bytes)
Event: 23.601 Thread 0x0000000016c3a000 nmethod 8087 0x000000000356ee90 code [0x000000000356efe0, 0x000000000356f0f0]
Event: 23.602 Thread 0x0000000016c3a000 8088       3       com.google.common.collect.ImmutableSet::copyOf (60 bytes)
Event: 23.603 Thread 0x0000000016c3a000 nmethod 8088 0x0000000003c04250 code [0x0000000003c04460, 0x0000000003c050f8]

GC Heap History (10 events):
Event: 11.249 GC heap before
{Heap before GC invocations=17 (full 2):
 PSYoungGen      total 96768K, used 88576K [0x00000000e0000000, 0x00000000e6680000, 0x0000000100000000)
  eden space 88576K, 100% used [0x00000000e0000000,0x00000000e5680000,0x00000000e5680000)
  from space 8192K, 0% used [0x00000000e5e80000,0x00000000e5e80000,0x00000000e6680000)
  to   space 8192K, 0% used [0x00000000e5680000,0x00000000e5680000,0x00000000e5e80000)
 ParOldGen       total 58880K, used 17011K [0x00000000a0000000, 0x00000000a3980000, 0x00000000e0000000)
  object space 58880K, 28% used [0x00000000a0000000,0x00000000a109cfd0,0x00000000a3980000)
 Metaspace       used 44247K, capacity 45244K, committed 45696K, reserved 1089536K
  class space    used 5935K, capacity 6191K, committed 6272K, reserved 1048576K
Event: 11.262 GC heap after
Heap after GC invocations=17 (full 2):
 PSYoungGen      total 96768K, used 8165K [0x00000000e0000000, 0x00000000e7c80000, 0x0000000100000000)
  eden space 88576K, 0% used [0x00000000e0000000,0x00000000e0000000,0x00000000e5680000)
  from space 8192K, 99% used [0x00000000e5680000,0x00000000e5e79400,0x00000000e5e80000)
  to   space 10752K, 0% used [0x00000000e7200000,0x00000000e7200000,0x00000000e7c80000)
 ParOldGen       total 58880K, used 21029K [0x00000000a0000000, 0x00000000a3980000, 0x00000000e0000000)
  object space 58880K, 35% used [0x00000000a0000000,0x00000000a1489530,0x00000000a3980000)
 Metaspace       used 44247K, capacity 45244K, committed 45696K, reserved 1089536K
  class space    used 5935K, capacity 6191K, committed 6272K, reserved 1048576K
}
Event: 12.944 GC heap before
{Heap before GC invocations=18 (full 2):
 PSYoungGen      total 96768K, used 96741K [0x00000000e0000000, 0x00000000e7c80000, 0x0000000100000000)
  eden space 88576K, 100% used [0x00000000e0000000,0x00000000e5680000,0x00000000e5680000)
  from space 8192K, 99% used [0x00000000e5680000,0x00000000e5e79400,0x00000000e5e80000)
  to   space 10752K, 0% used [0x00000000e7200000,0x00000000e7200000,0x00000000e7c80000)
 ParOldGen       total 58880K, used 21029K [0x00000000a0000000, 0x00000000a3980000, 0x00000000e0000000)
  object space 58880K, 35% used [0x00000000a0000000,0x00000000a1489530,0x00000000a3980000)
 Metaspace       used 50582K, capacity 51746K, committed 51968K, reserved 1093632K
  class space    used 6788K, capacity 7085K, committed 7168K, reserved 1048576K
Event: 12.963 GC heap after
Heap after GC invocations=18 (full 2):
 PSYoungGen      total 116224K, used 7424K [0x00000000e0000000, 0x00000000e7d00000, 0x0000000100000000)
  eden space 105472K, 0% used [0x00000000e0000000,0x00000000e0000000,0x00000000e6700000)
  from space 10752K, 69% used [0x00000000e7200000,0x00000000e7940210,0x00000000e7c80000)
  to   space 11264K, 0% used [0x00000000e6700000,0x00000000e6700000,0x00000000e7200000)
 ParOldGen       total 58880K, used 26413K [0x00000000a0000000, 0x00000000a3980000, 0x00000000e0000000)
  object space 58880K, 44% used [0x00000000a0000000,0x00000000a19cb578,0x00000000a3980000)
 Metaspace       used 50582K, capacity 51746K, committed 51968K, reserved 1093632K
  class space    used 6788K, capacity 7085K, committed 7168K, reserved 1048576K
}
Event: 14.428 GC heap before
{Heap before GC invocations=19 (full 2):
 PSYoungGen      total 116224K, used 86983K [0x00000000e0000000, 0x00000000e7d00000, 0x0000000100000000)
  eden space 105472K, 75% used [0x00000000e0000000,0x00000000e4db1da0,0x00000000e6700000)
  from space 10752K, 69% used [0x00000000e7200000,0x00000000e7940210,0x00000000e7c80000)
  to   space 11264K, 0% used [0x00000000e6700000,0x00000000e6700000,0x00000000e7200000)
 ParOldGen       total 58880K, used 26413K [0x00000000a0000000, 0x00000000a3980000, 0x00000000e0000000)
  object space 58880K, 44% used [0x00000000a0000000,0x00000000a19cb578,0x00000000a3980000)
 Metaspace       used 57384K, capacity 59018K, committed 59096K, reserved 1099776K
  class space    used 7754K, capacity 8129K, committed 8192K, reserved 1048576K
Event: 14.457 GC heap after
Heap after GC invocations=19 (full 2):
 PSYoungGen      total 116736K, used 11232K [0x00000000e0000000, 0x00000000e8f00000, 0x0000000100000000)
  eden space 105472K, 0% used [0x00000000e0000000,0x00000000e0000000,0x00000000e6700000)
  from space 11264K, 99% used [0x00000000e6700000,0x00000000e71f80c0,0x00000000e7200000)
  to   space 13312K, 0% used [0x00000000e8200000,0x00000000e8200000,0x00000000e8f00000)
 ParOldGen       total 58880K, used 27914K [0x00000000a0000000, 0x00000000a3980000, 0x00000000e0000000)
  object space 58880K, 47% used [0x00000000a0000000,0x00000000a1b42900,0x00000000a3980000)
 Metaspace       used 57384K, capacity 59018K, committed 59096K, reserved 1099776K
  class space    used 7754K, capacity 8129K, committed 8192K, reserved 1048576K
}
Event: 14.457 GC heap before
{Heap before GC invocations=20 (full 3):
 PSYoungGen      total 116736K, used 11232K [0x00000000e0000000, 0x00000000e8f00000, 0x0000000100000000)
  eden space 105472K, 0% used [0x00000000e0000000,0x00000000e0000000,0x00000000e6700000)
  from space 11264K, 99% used [0x00000000e6700000,0x00000000e71f80c0,0x00000000e7200000)
  to   space 13312K, 0% used [0x00000000e8200000,0x00000000e8200000,0x00000000e8f00000)
 ParOldGen       total 58880K, used 27914K [0x00000000a0000000, 0x00000000a3980000, 0x00000000e0000000)
  object space 58880K, 47% used [0x00000000a0000000,0x00000000a1b42900,0x00000000a3980000)
 Metaspace       used 57384K, capacity 59018K, committed 59096K, reserved 1099776K
  class space    used 7754K, capacity 8129K, committed 8192K, reserved 1048576K
Event: 14.755 GC heap after
Heap after GC invocations=20 (full 3):
 PSYoungGen      total 116736K, used 0K [0x00000000e0000000, 0x00000000e8f00000, 0x0000000100000000)
  eden space 105472K, 0% used [0x00000000e0000000,0x00000000e0000000,0x00000000e6700000)
  from space 11264K, 0% used [0x00000000e6700000,0x00000000e6700000,0x00000000e7200000)
  to   space 13312K, 0% used [0x00000000e8200000,0x00000000e8200000,0x00000000e8f00000)
 ParOldGen       total 58880K, used 33721K [0x00000000a0000000, 0x00000000a3980000, 0x00000000e0000000)
  object space 58880K, 57% used [0x00000000a0000000,0x00000000a20ee750,0x00000000a3980000)
 Metaspace       used 57384K, capacity 59018K, committed 59096K, reserved 1099776K
  class space    used 7754K, capacity 8129K, committed 8192K, reserved 1048576K
}
Event: 18.092 GC heap before
{Heap before GC invocations=21 (full 3):
 PSYoungGen      total 116736K, used 105472K [0x00000000e0000000, 0x00000000e8f00000, 0x0000000100000000)
  eden space 105472K, 100% used [0x00000000e0000000,0x00000000e6700000,0x00000000e6700000)
  from space 11264K, 0% used [0x00000000e6700000,0x00000000e6700000,0x00000000e7200000)
  to   space 13312K, 0% used [0x00000000e8200000,0x00000000e8200000,0x00000000e8f00000)
 ParOldGen       total 58880K, used 33721K [0x00000000a0000000, 0x00000000a3980000, 0x00000000e0000000)
  object space 58880K, 57% used [0x00000000a0000000,0x00000000a20ee750,0x00000000a3980000)
 Metaspace       used 61861K, capacity 63988K, committed 64216K, reserved 1103872K
  class space    used 8444K, capacity 8908K, committed 8960K, reserved 1048576K
Event: 18.119 GC heap after
Heap after GC invocations=21 (full 3):
 PSYoungGen      total 125952K, used 8456K [0x00000000e0000000, 0x00000000e8b80000, 0x0000000100000000)
  eden space 116224K, 0% used [0x00000000e0000000,0x00000000e0000000,0x00000000e7180000)
  from space 9728K, 86% used [0x00000000e8200000,0x00000000e8a42088,0x00000000e8b80000)
  to   space 13312K, 0% used [0x00000000e7180000,0x00000000e7180000,0x00000000e7e80000)
 ParOldGen       total 58880K, used 33729K [0x00000000a0000000, 0x00000000a3980000, 0x00000000e0000000)
  object space 58880K, 57% used [0x00000000a0000000,0x00000000a20f0750,0x00000000a3980000)
 Metaspace       used 61861K, capacity 63988K, committed 64216K, reserved 1103872K
  class space    used 8444K, capacity 8908K, committed 8960K, reserved 1048576K
}

Deoptimization events (10 events):
Event: 22.871 Thread 0x0000000019aad800 Uncommon trap: reason=class_check action=maybe_recompile pc=0x0000000004825bf0 method=com.google.common.collect.NaturalOrdering.compare(Ljava/lang/Object;Ljava/lang/Object;)I @ 2
Event: 22.885 Thread 0x0000000019aa9800 Uncommon trap: reason=unstable_if action=reinterpret pc=0x00000000038dd134 method=org.gradle.cache.internal.btree.BlockPointer.isNull()Z @ 6
Event: 23.225 Thread 0x0000000019ab2000 Uncommon trap: reason=bimorphic action=maybe_recompile pc=0x000000000485d2f8 method=org.gradle.internal.snapshot.RegularFileSnapshot.accept(Lorg/gradle/internal/snapshot/FileSystemSnapshotVisitor;)V @ 2
Event: 23.225 Thread 0x0000000019ab2000 Uncommon trap: reason=bimorphic action=maybe_recompile pc=0x000000000485d2f8 method=org.gradle.internal.snapshot.RegularFileSnapshot.accept(Lorg/gradle/internal/snapshot/FileSystemSnapshotVisitor;)V @ 2
Event: 23.225 Thread 0x0000000019ab2000 Uncommon trap: reason=bimorphic action=maybe_recompile pc=0x000000000485d2f8 method=org.gradle.internal.snapshot.RegularFileSnapshot.accept(Lorg/gradle/internal/snapshot/FileSystemSnapshotVisitor;)V @ 2
Event: 23.225 Thread 0x0000000019ab2000 Uncommon trap: reason=bimorphic action=maybe_recompile pc=0x000000000485d2f8 method=org.gradle.internal.snapshot.RegularFileSnapshot.accept(Lorg/gradle/internal/snapshot/FileSystemSnapshotVisitor;)V @ 2
Event: 23.397 Thread 0x0000000019ab2000 Uncommon trap: reason=bimorphic action=maybe_recompile pc=0x000000000419fe34 method=java.io.ObjectOutputStream$BlockDataOutputStream.drain()V @ 36
Event: 23.470 Thread 0x0000000019ab2000 Uncommon trap: reason=bimorphic action=maybe_recompile pc=0x000000000419fe34 method=java.io.ObjectOutputStream$BlockDataOutputStream.drain()V @ 36
Event: 23.471 Thread 0x0000000019ab2000 Uncommon trap: reason=bimorphic action=maybe_recompile pc=0x000000000419fe34 method=java.io.ObjectOutputStream$BlockDataOutputStream.drain()V @ 36
Event: 23.471 Thread 0x0000000019ab2000 Uncommon trap: reason=bimorphic action=maybe_recompile pc=0x000000000419fe34 method=java.io.ObjectOutputStream$BlockDataOutputStream.drain()V @ 36

Classes redefined (0 events):
No events

Internal exceptions (10 events):
Event: 21.300 Thread 0x0000000019f59800 Exception <a 'java/lang/NoSuchMethodError': <clinit>> (0x00000000e2e4eb00) thrown at [D:\src\AOSP-openjdk-cygwin\jdk8u\hotspot\src\share\vm\prims\jni.cpp, line 1613]
Event: 21.310 Thread 0x0000000019f59800 Exception <a 'java/lang/NoSuchMethodError': <clinit>> (0x00000000e2e54c58) thrown at [D:\src\AOSP-openjdk-cygwin\jdk8u\hotspot\src\share\vm\prims\jni.cpp, line 1613]
Event: 21.723 Thread 0x0000000019f59800 Exception <a 'java/lang/NoSuchMethodError': <clinit>> (0x00000000e3806a20) thrown at [D:\src\AOSP-openjdk-cygwin\jdk8u\hotspot\src\share\vm\prims\jni.cpp, line 1613]
Event: 21.724 Thread 0x0000000019f59800 Exception <a 'java/lang/NoSuchMethodError': <clinit>> (0x00000000e3812658) thrown at [D:\src\AOSP-openjdk-cygwin\jdk8u\hotspot\src\share\vm\prims\jni.cpp, line 1613]
Event: 21.725 Thread 0x0000000019f59800 Exception <a 'java/lang/NoSuchMethodError': <clinit>> (0x00000000e381f028) thrown at [D:\src\AOSP-openjdk-cygwin\jdk8u\hotspot\src\share\vm\prims\jni.cpp, line 1613]
Event: 21.754 Thread 0x0000000019f59800 Exception <a 'java/lang/NoSuchMethodError': <clinit>> (0x00000000e38298d0) thrown at [D:\src\AOSP-openjdk-cygwin\jdk8u\hotspot\src\share\vm\prims\jni.cpp, line 1613]
Event: 21.757 Thread 0x0000000019f59800 Exception <a 'java/lang/NoSuchMethodError': <clinit>> (0x00000000e383a978) thrown at [D:\src\AOSP-openjdk-cygwin\jdk8u\hotspot\src\share\vm\prims\jni.cpp, line 1613]
Event: 21.757 Thread 0x0000000019f59800 Exception <a 'java/lang/NoSuchMethodError': <clinit>> (0x00000000e383c4a0) thrown at [D:\src\AOSP-openjdk-cygwin\jdk8u\hotspot\src\share\vm\prims\jni.cpp, line 1613]
Event: 22.872 Thread 0x0000000019f59800 Exception <a 'java/lang/NoSuchMethodError': <clinit>> (0x00000000e45ce9f0) thrown at [D:\src\AOSP-openjdk-cygwin\jdk8u\hotspot\src\share\vm\prims\jni.cpp, line 1613]
Event: 23.446 Thread 0x0000000019ab2000 Exception <a 'java/lang/NoSuchMethodError': <clinit>> (0x00000000e4a681a0) thrown at [D:\src\AOSP-openjdk-cygwin\jdk8u\hotspot\src\share\vm\prims\jni.cpp, line 1613]

Events (10 events):
Event: 23.612 Executing VM operation: RevokeBias
Event: 23.612 Executing VM operation: RevokeBias done
Event: 23.613 Executing VM operation: BulkRevokeBias
Event: 23.613 Executing VM operation: BulkRevokeBias done
Event: 23.614 Executing VM operation: RevokeBias
Event: 23.614 Executing VM operation: RevokeBias done
Event: 23.614 Executing VM operation: RevokeBias
Event: 23.615 Executing VM operation: RevokeBias done
Event: 23.782 loading class com/google/common/collect/Iterators$6
Event: 23.811 loading class com/google/common/collect/Iterators$6 done


Dynamic libraries:
0x00007ff624d40000 - 0x00007ff624d71000 	C:\Program Files\Android\Android Studio\jre\bin\java.exe
0x00007ffdebeb0000 - 0x00007ffdec091000 	C:\WINDOWS\SYSTEM32\ntdll.dll
0x00007ffde95e0000 - 0x00007ffde9691000 	C:\WINDOWS\System32\KERNEL32.DLL
0x00007ffde8280000 - 0x00007ffde84f3000 	C:\WINDOWS\System32\KERNELBASE.dll
0x00007ffdea180000 - 0x00007ffdea221000 	C:\WINDOWS\System32\ADVAPI32.dll
0x00007ffdebc30000 - 0x00007ffdebcce000 	C:\WINDOWS\System32\msvcrt.dll
0x00007ffdebd40000 - 0x00007ffdebd9b000 	C:\WINDOWS\System32\sechost.dll
0x00007ffde9b60000 - 0x00007ffde9c84000 	C:\WINDOWS\System32\RPCRT4.dll
0x00007ffde99d0000 - 0x00007ffde9b60000 	C:\WINDOWS\System32\USER32.dll
0x00007ffde88c0000 - 0x00007ffde88e0000 	C:\WINDOWS\System32\win32u.dll
0x00007ffdebbf0000 - 0x00007ffdebc18000 	C:\WINDOWS\System32\GDI32.dll
0x00007ffde91a0000 - 0x00007ffde9331000 	C:\WINDOWS\System32\gdi32full.dll
0x00007ffde8500000 - 0x00007ffde859f000 	C:\WINDOWS\System32\msvcp_win.dll
0x00007ffde8990000 - 0x00007ffde8a88000 	C:\WINDOWS\System32\ucrtbase.dll
0x00007ffddef10000 - 0x00007ffddf179000 	C:\WINDOWS\WinSxS\amd64_microsoft.windows.common-controls_6595b64144ccf1df_6.0.17134.950_none_fb3da4273069d3e0\COMCTL32.dll
0x00007ffde96a0000 - 0x00007ffde99c2000 	C:\WINDOWS\System32\combase.dll
0x00007ffde8840000 - 0x00007ffde88b9000 	C:\WINDOWS\System32\bcryptPrimitives.dll
0x00007ffdea150000 - 0x00007ffdea17d000 	C:\WINDOWS\System32\IMM32.DLL
0x0000000050100000 - 0x00000000501d2000 	C:\Program Files\Android\Android Studio\jre\jre\bin\msvcr100.dll
0x0000000076fe0000 - 0x0000000077821000 	C:\Program Files\Android\Android Studio\jre\jre\bin\server\jvm.dll
0x00007ffdebc20000 - 0x00007ffdebc28000 	C:\WINDOWS\System32\PSAPI.DLL
0x00007ffddcd20000 - 0x00007ffddcd29000 	C:\WINDOWS\SYSTEM32\WSOCK32.dll
0x00007ffddea40000 - 0x00007ffddea63000 	C:\WINDOWS\SYSTEM32\WINMM.dll
0x00007ffddf180000 - 0x00007ffddf18a000 	C:\WINDOWS\SYSTEM32\VERSION.dll
0x00007ffde9c90000 - 0x00007ffde9cfc000 	C:\WINDOWS\System32\WS2_32.dll
0x00007ffdde830000 - 0x00007ffdde85a000 	C:\WINDOWS\SYSTEM32\WINMMBASE.dll
0x00007ffde88e0000 - 0x00007ffde8929000 	C:\WINDOWS\System32\cfgmgr32.dll
0x00007ffde3160000 - 0x00007ffde316f000 	C:\Program Files\Android\Android Studio\jre\jre\bin\verify.dll
0x00007ffdde320000 - 0x00007ffdde349000 	C:\Program Files\Android\Android Studio\jre\jre\bin\java.dll
0x00007ffde2ec0000 - 0x00007ffde2ed6000 	C:\Program Files\Android\Android Studio\jre\jre\bin\zip.dll
0x00007ffdea230000 - 0x00007ffdeb670000 	C:\WINDOWS\System32\SHELL32.dll
0x00007ffdebb40000 - 0x00007ffdebbe9000 	C:\WINDOWS\System32\shcore.dll
0x00007ffde8a90000 - 0x00007ffde919d000 	C:\WINDOWS\System32\windows.storage.dll
0x00007ffdebda0000 - 0x00007ffdebdf1000 	C:\WINDOWS\System32\shlwapi.dll
0x00007ffde8240000 - 0x00007ffde8251000 	C:\WINDOWS\System32\kernel.appcore.dll
0x00007ffde8260000 - 0x00007ffde827f000 	C:\WINDOWS\System32\profapi.dll
0x00007ffde81f0000 - 0x00007ffde823c000 	C:\WINDOWS\System32\powrprof.dll
0x00007ffde81e0000 - 0x00007ffde81ea000 	C:\WINDOWS\System32\FLTLIB.DLL
0x00007ffde1480000 - 0x00007ffde149a000 	C:\Program Files\Android\Android Studio\jre\jre\bin\net.dll
0x00007ffde7a40000 - 0x00007ffde7aa6000 	C:\WINDOWS\system32\mswsock.dll
0x00007ffde0970000 - 0x00007ffde0981000 	C:\Program Files\Android\Android Studio\jre\jre\bin\nio.dll
0x00007ffde1460000 - 0x00007ffde147e000 	C:\Users\Tran Long\.gradle\native\25\windows-amd64\native-platform.dll
0x00007ffde3150000 - 0x00007ffde315d000 	C:\Program Files\Android\Android Studio\jre\jre\bin\management.dll
0x00007ffde7bf0000 - 0x00007ffde7c07000 	C:\WINDOWS\SYSTEM32\CRYPTSP.dll
0x00007ffde75f0000 - 0x00007ffde7623000 	C:\WINDOWS\system32\rsaenh.dll
0x00007ffde7d20000 - 0x00007ffde7d45000 	C:\WINDOWS\SYSTEM32\bcrypt.dll
0x00007ffde80c0000 - 0x00007ffde80e8000 	C:\WINDOWS\SYSTEM32\USERENV.dll
0x00007ffde7c10000 - 0x00007ffde7c1b000 	C:\WINDOWS\SYSTEM32\CRYPTBASE.dll
0x00007ffde7790000 - 0x00007ffde77c8000 	C:\WINDOWS\SYSTEM32\IPHLPAPI.DLL
0x00007ffdebd30000 - 0x00007ffdebd38000 	C:\WINDOWS\System32\NSI.dll
0x00007ffde1620000 - 0x00007ffde1636000 	C:\WINDOWS\SYSTEM32\dhcpcsvc6.DLL
0x00007ffde1e20000 - 0x00007ffde1e3a000 	C:\WINDOWS\SYSTEM32\dhcpcsvc.DLL

VM Arguments:
jvm_args: -Xmx1536m -Dfile.encoding=windows-1252 -Duser.country=US -Duser.language=en -Duser.variant 
java_command: org.gradle.launcher.daemon.bootstrap.GradleDaemon 5.1.1
java_class_path (initial): C:\Users\Tran Long\.gradle\wrapper\dists\gradle-5.1.1-all\97z1ksx6lirer3kbvdnh7jtjg\gradle-5.1.1\lib\gradle-launcher-5.1.1.jar
Launcher Type: SUN_STANDARD

Environment Variables:
PATH=C:\Program Files\Microsoft MPI\Bin\;C:\Program Files (x86)\Common Files\Oracle\Java\javapath;C:\WINDOWS\system32;C:\WINDOWS;C:\WINDOWS\System32\Wbem;C:\WINDOWS\System32\WindowsPowerShell\v1.0\;C:\Program Files (x86)\Microsoft SQL Server\140\Tools\Binn\;C:\Program Files\Microsoft SQL Server\140\Tools\Binn\;C:\Program Files (x86)\Microsoft SQL Server\140\DTS\Binn\;C:\Program Files\Microsoft SQL Server\140\DTS\Binn\;C:\Program Files\Microsoft SQL Server\Client SDK\ODBC\130\Tools\Binn\;C:\Program Files (x86)\Microsoft SQL Server\Client SDK\ODBC\130\Tools\Binn\;C:\Program Files (x86)\Microsoft SQL Server\140\Tools\Binn\ManagementStudio\;C:\Program Files\Microsoft SQL Server\130\Tools\Binn\;C:\WINDOWS\System32\OpenSSH\;C:\Program Files\Git\cmd;C:\Program Files\dotnet\;C:\Users\Tran Long\AppData\Local\Android\Sdk\platform-tools;C:\Program Files\nodejs\;"C:\Users\Tran Long\AppData\Local\Microsoft\WindowsApps;C:\Users\Tran Long\AppData\Local\Android\Sdk\platform-tools";C:\Users\Tran Long\AppData\Local\GitHubDesktop\bin;C:\Users\Tran Long\AppData\Local\Microsoft\WindowsApps;C:\Users\Tran Long\AppData\Roaming\npm
USERNAME=Tran Long
OS=Windows_NT
PROCESSOR_IDENTIFIER=Intel64 Family 6 Model 142 Stepping 9, GenuineIntel



---------------  S Y S T E M  ---------------

OS: Windows 10.0 , 64 bit Build 17134 (10.0.17134.753)

CPU:total 4 (initial active 4) (2 cores per cpu, 2 threads per core) family 6 model 142 stepping 9, cmov, cx8, fxsr, mmx, sse, sse2, sse3, ssse3, sse4.1, sse4.2, popcnt, avx, avx2, aes, clmul, erms, 3dnowpref, lzcnt, ht, tsc, tscinvbit, bmi1, bmi2, adx

Memory: 4k page, physical 4057116k(207804k free), swap 8241180k(6628k free)

vm_info: OpenJDK 64-Bit Server VM (25.152-b01) for windows-amd64 JRE (1.8.0_152-release-1343-b01), built by "builder" with MS VC++ 10.0 (VS2010)

time: Mon Aug 19 17:48:57 2019
elapsed time: 23 seconds (0d 0h 0m 23s)

