#
# There is insufficient memory for the Java Runtime Environment to continue.
# Native memory allocation (malloc) failed to allocate 571696 bytes for Chunk::new
# Possible reasons:
#   The system is out of physical RAM or swap space
#   In 32 bit mode, the process size limit was hit
# Possible solutions:
#   Reduce memory load on the system
#   Increase physical memory or swap space
#   Check if swap backing store is full
#   Use 64 bit Java on a 64 bit OS
#   Decrease Java heap size (-Xmx/-Xms)
#   Decrease number of Java threads
#   Decrease Java thread stack sizes (-Xss)
#   Set larger code cache with -XX:ReservedCodeCacheSize=
# This output file may be truncated or incomplete.
#
#  Out of Memory Error (allocation.cpp:390), pid=13172, tid=0x0000000000002bfc
#
# JRE version: OpenJDK Runtime Environment (8.0_152-b01) (build 1.8.0_152-release-1343-b01)
# Java VM: OpenJDK 64-Bit Server VM (25.152-b01 mixed mode windows-amd64 compressed oops)
# Failed to write core dump. Minidumps are not enabled by default on client versions of Windows
#

---------------  T H R E A D  ---------------

Current thread (0x000000001656d000):  JavaThread "C2 CompilerThread0" daemon [_thread_in_native, id=11260, stack(0x0000000017bc0000,0x0000000017cc0000)]

Stack: [0x0000000017bc0000,0x0000000017cc0000]
[error occurred during error reporting (printing stack bounds), id 0xc0000005]

Native frames: (J=compiled Java code, j=interpreted, Vv=VM code, C=native code)


Current CompileTask:
C2:  23000 5420       4       java.net.URLClassLoader$1::run (5 bytes)


---------------  P R O C E S S  ---------------

Java Threads: ( => current thread )
  0x000000001c9cb000 JavaThread "Cache worker for Build Output Cleanup Cache (L:\Tattoo\.gradle\buildOutputCleanup)" [_thread_blocked, id=10620, stack(0x0000000022730000,0x0000000022830000)]
  0x000000001c9cc800 JavaThread "Build operations Thread 4" [_thread_blocked, id=9652, stack(0x0000000020dc0000,0x0000000020ec0000)]
  0x000000001c9d0000 JavaThread "Build operations Thread 3" [_thread_blocked, id=7548, stack(0x0000000020cc0000,0x0000000020dc0000)]
  0x000000001c9cd800 JavaThread "Build operations Thread 2" [_thread_blocked, id=11700, stack(0x0000000020bc0000,0x0000000020cc0000)]
  0x000000001c9d1800 JavaThread "Build operations" [_thread_blocked, id=7308, stack(0x0000000020ac0000,0x0000000020bc0000)]
  0x000000001a0c1800 JavaThread "Cache worker for execution history cache (C:\Users\Tran Long\.gradle\caches\5.1.1\executionHistory)" [_thread_blocked, id=10268, stack(0x000000001fc50000,0x000000001fd50000)]
  0x000000001a0bf800 JavaThread "Cache worker for cache directory md-rule (C:\Users\Tran Long\.gradle\caches\5.1.1\md-rule)" [_thread_blocked, id=4000, stack(0x000000001e890000,0x000000001e990000)]
  0x000000001a0c1000 JavaThread "Cache worker for cache directory md-supplier (C:\Users\Tran Long\.gradle\caches\5.1.1\md-supplier)" [_thread_blocked, id=3792, stack(0x000000001d6e0000,0x000000001d7e0000)]
  0x000000001a0bb800 JavaThread "Cache worker for file hash cache (L:\Tattoo\.gradle\5.1.1\fileHashes)" [_thread_blocked, id=8392, stack(0x000000001d3e0000,0x000000001d4e0000)]
  0x000000001a0bd000 JavaThread "Cache worker for journal cache (C:\Users\Tran Long\.gradle\caches\journal-1)" [_thread_blocked, id=11472, stack(0x000000001c010000,0x000000001c110000)]
  0x000000001a0bb000 JavaThread "File lock request listener" [_thread_in_native, id=9952, stack(0x000000001bf10000,0x000000001c010000)]
  0x0000000019e9f000 JavaThread "Cache worker for file hash cache (C:\Users\Tran Long\.gradle\caches\5.1.1\fileHashes)" [_thread_blocked, id=11096, stack(0x000000001be10000,0x000000001bf10000)]
  0x00000000190be800 JavaThread "Thread-8" [_thread_blocked, id=10988, stack(0x000000001bd10000,0x000000001be10000)]
  0x0000000019b02000 JavaThread "Stdin handler" [_thread_blocked, id=3004, stack(0x000000001bc10000,0x000000001bd10000)]
  0x0000000019b00800 JavaThread "Asynchronous log dispatcher for DefaultDaemonConnection: socket connection from /127.0.0.1:49884 to /127.0.0.1:49885" [_thread_blocked, id=6200, stack(0x000000001bb10000,0x000000001bc10000)]
  0x0000000019ed5800 JavaThread "Daemon worker" [_thread_in_vm, id=10940, stack(0x000000001ba10000,0x000000001bb10000)]
  0x0000000019afe000 JavaThread "Cancel handler" [_thread_blocked, id=10688, stack(0x000000001b910000,0x000000001ba10000)]
  0x0000000019bbf800 JavaThread "Handler for socket connection from /127.0.0.1:49884 to /127.0.0.1:49885" [_thread_in_native, id=9804, stack(0x000000001b610000,0x000000001b710000)]
  0x0000000019bbe800 JavaThread "Daemon" [_thread_blocked, id=5308, stack(0x000000001b510000,0x000000001b610000)]
  0x00000000197f4800 JavaThread "Daemon periodic checks" [_thread_blocked, id=12172, stack(0x000000001b410000,0x000000001b510000)]
  0x0000000019452800 JavaThread "Incoming local TCP Connector on port 49884" [_thread_in_native, id=9096, stack(0x0000000019c90000,0x0000000019d90000)]
  0x0000000017ee8800 JavaThread "Service Thread" daemon [_thread_blocked, id=11388, stack(0x00000000182c0000,0x00000000183c0000)]
  0x0000000016574800 JavaThread "C1 CompilerThread2" daemon [_thread_in_vm, id=1052, stack(0x0000000017dc0000,0x0000000017ec0000)]
  0x0000000016571000 JavaThread "C2 CompilerThread1" daemon [_thread_in_native, id=9148, stack(0x0000000017cc0000,0x0000000017dc0000)]
=>0x000000001656d000 JavaThread "C2 CompilerThread0" daemon [_thread_in_native, id=11260, stack(0x0000000017bc0000,0x0000000017cc0000)]
  0x000000001656b800 JavaThread "Attach Listener" daemon [_thread_blocked, id=11840, stack(0x0000000017ac0000,0x0000000017bc0000)]
  0x000000001656a800 JavaThread "Signal Dispatcher" daemon [_thread_blocked, id=10108, stack(0x00000000179c0000,0x0000000017ac0000)]
  0x0000000002bfd000 JavaThread "Finalizer" daemon [_thread_blocked, id=1260, stack(0x00000000177d0000,0x00000000178d0000)]
  0x0000000002bf2000 JavaThread "Reference Handler" daemon [_thread_blocked, id=5936, stack(0x00000000176d0000,0x00000000177d0000)]
  0x0000000002b02800 JavaThread "main" [_thread_blocked, id=12348, stack(0x0000000002a00000,0x0000000002b00000)]

Other Threads:
  0x0000000016536000 VMThread [stack: 0x00000000175d0000,0x00000000176d0000] [id=4812]
  0x0000000017ee9000 WatcherThread [stack: 0x00000000183c0000,0x00000000184c0000] [id=6988]

VM state:not at safepoint (normal execution)

VM Mutex/Monitor currently owned by a thread: None

Heap:
 PSYoungGen      total 199168K, used 22271K [0x00000000e0000000, 0x00000000ed280000, 0x0000000100000000)
  eden space 185856K, 11% used [0x00000000e0000000,0x00000000e15bfd60,0x00000000eb580000)
  from space 13312K, 0% used [0x00000000ec580000,0x00000000ec580000,0x00000000ed280000)
  to   space 14848K, 0% used [0x00000000eb580000,0x00000000eb580000,0x00000000ec400000)
 ParOldGen       total 92672K, used 31107K [0x00000000a0000000, 0x00000000a5a80000, 0x00000000e0000000)
  object space 92672K, 33% used [0x00000000a0000000,0x00000000a1e60d20,0x00000000a5a80000)
 Metaspace       used 58637K, capacity 60068K, committed 60376K, reserved 1101824K
  class space    used 7762K, capacity 8082K, committed 8192K, reserved 1048576K

Card table byte_map: [0x0000000011fc0000,0x00000000122d0000] byte_map_base: 0x0000000011ac0000

Marking Bits: (ParMarkBitMap*) 0x00000000777a5aa0
 Begin Bits: [0x00000000128d0000, 0x00000000140d0000)
 End Bits:   [0x00000000140d0000, 0x00000000158d0000)

Polling page: 0x0000000001080000

CodeCache: size=245760Kb used=17180Kb max_used=17415Kb free=228579Kb
 bounds [0x0000000002c00000, 0x0000000003d20000, 0x0000000011c00000]
 total_blobs=5773 nmethods=4963 adapters=722
 compilation: enabled

Compilation events (10 events):
Event: 22.946 Thread 0x0000000016574800 5426       1       kotlin.reflect.jvm.internal.impl.load.java.lazy.JavaResolverComponents::getStorageManager (5 bytes)
Event: 22.946 Thread 0x0000000016574800 nmethod 5426 0x0000000003d05250 code [0x0000000003d053a0, 0x0000000003d054b0]
Event: 22.949 Thread 0x0000000016574800 5427       3       kotlin.reflect.jvm.internal.impl.name.ClassId::<init> (74 bytes)
Event: 22.949 Thread 0x0000000016574800 nmethod 5427 0x0000000003d04e10 code [0x0000000003d04f80, 0x0000000003d05190]
Event: 22.956 Thread 0x0000000016571000 nmethod 5425 0x0000000003d090d0 code [0x0000000003d09240, 0x0000000003d09d48]
Event: 22.956 Thread 0x0000000016571000 5429  s!   4       sun.misc.URLClassPath::getLoader (243 bytes)
Event: 22.977 Thread 0x0000000016574800 5430       1       java.lang.invoke.MethodHandleImpl$IntrinsicMethodHandle::getTarget (5 bytes)
Event: 22.977 Thread 0x0000000016574800 nmethod 5430 0x0000000002d627d0 code [0x0000000002d62920, 0x0000000002d62a30]
Event: 22.994 Thread 0x0000000016574800 5432       1       org.gradle.api.internal.DefaultNamedDomainObjectCollection$AbstractNamedDomainObjectProvider::getType (5 bytes)
Event: 22.994 Thread 0x0000000016574800 nmethod 5432 0x0000000002d63f10 code [0x0000000002d64060, 0x0000000002d64170]

GC Heap History (10 events):
Event: 16.214 GC heap before
{Heap before GC invocations=9 (full 1):
 PSYoungGen      total 136704K, used 68084K [0x00000000e0000000, 0x00000000ed280000, 0x0000000100000000)
  eden space 126976K, 45% used [0x00000000e0000000,0x00000000e38fe140,0x00000000e7c00000)
  from space 9728K, 99% used [0x00000000e7c00000,0x00000000e857f188,0x00000000e8580000)
  to   space 13312K, 0% used [0x00000000ec580000,0x00000000ec580000,0x00000000ed280000)
 ParOldGen       total 47104K, used 19809K [0x00000000a0000000, 0x00000000a2e00000, 0x00000000e0000000)
  object space 47104K, 42% used [0x00000000a0000000,0x00000000a13584a8,0x00000000a2e00000)
 Metaspace       used 34645K, capacity 35408K, committed 35456K, reserved 1079296K
  class space    used 4782K, capacity 4974K, committed 4992K, reserved 1048576K
Event: 16.225 GC heap after
Heap after GC invocations=9 (full 1):
 PSYoungGen      total 199168K, used 11685K [0x00000000e0000000, 0x00000000ed280000, 0x0000000100000000)
  eden space 185856K, 0% used [0x00000000e0000000,0x00000000e0000000,0x00000000eb580000)
  from space 13312K, 87% used [0x00000000ec580000,0x00000000ed0e9508,0x00000000ed280000)
  to   space 14848K, 0% used [0x00000000eb580000,0x00000000eb580000,0x00000000ec400000)
 ParOldGen       total 47104K, used 19817K [0x00000000a0000000, 0x00000000a2e00000, 0x00000000e0000000)
  object space 47104K, 42% used [0x00000000a0000000,0x00000000a135a4a8,0x00000000a2e00000)
 Metaspace       used 34645K, capacity 35408K, committed 35456K, reserved 1079296K
  class space    used 4782K, capacity 4974K, committed 4992K, reserved 1048576K
}
Event: 16.225 GC heap before
{Heap before GC invocations=10 (full 2):
 PSYoungGen      total 199168K, used 11685K [0x00000000e0000000, 0x00000000ed280000, 0x0000000100000000)
  eden space 185856K, 0% used [0x00000000e0000000,0x00000000e0000000,0x00000000eb580000)
  from space 13312K, 87% used [0x00000000ec580000,0x00000000ed0e9508,0x00000000ed280000)
  to   space 14848K, 0% used [0x00000000eb580000,0x00000000eb580000,0x00000000ec400000)
 ParOldGen       total 47104K, used 19817K [0x00000000a0000000, 0x00000000a2e00000, 0x00000000e0000000)
  object space 47104K, 42% used [0x00000000a0000000,0x00000000a135a4a8,0x00000000a2e00000)
 Metaspace       used 34645K, capacity 35408K, committed 35456K, reserved 1079296K
  class space    used 4782K, capacity 4974K, committed 4992K, reserved 1048576K
Event: 16.318 GC heap after
Heap after GC invocations=10 (full 2):
 PSYoungGen      total 199168K, used 0K [0x00000000e0000000, 0x00000000ed280000, 0x0000000100000000)
  eden space 185856K, 0% used [0x00000000e0000000,0x00000000e0000000,0x00000000eb580000)
  from space 13312K, 0% used [0x00000000ec580000,0x00000000ec580000,0x00000000ed280000)
  to   space 14848K, 0% used [0x00000000eb580000,0x00000000eb580000,0x00000000ec400000)
 ParOldGen       total 62976K, used 18597K [0x00000000a0000000, 0x00000000a3d80000, 0x00000000e0000000)
  object space 62976K, 29% used [0x00000000a0000000,0x00000000a12294a0,0x00000000a3d80000)
 Metaspace       used 34638K, capacity 35384K, committed 35456K, reserved 1079296K
  class space    used 4780K, capacity 4970K, committed 4992K, reserved 1048576K
}
Event: 21.017 GC heap before
{Heap before GC invocations=11 (full 2):
 PSYoungGen      total 199168K, used 185856K [0x00000000e0000000, 0x00000000ed280000, 0x0000000100000000)
  eden space 185856K, 100% used [0x00000000e0000000,0x00000000eb580000,0x00000000eb580000)
  from space 13312K, 0% used [0x00000000ec580000,0x00000000ec580000,0x00000000ed280000)
  to   space 14848K, 0% used [0x00000000eb580000,0x00000000eb580000,0x00000000ec400000)
 ParOldGen       total 62976K, used 18597K [0x00000000a0000000, 0x00000000a3d80000, 0x00000000e0000000)
  object space 62976K, 29% used [0x00000000a0000000,0x00000000a12294a0,0x00000000a3d80000)
 Metaspace       used 53302K, capacity 54522K, committed 54784K, reserved 1097728K
  class space    used 7056K, capacity 7337K, committed 7424K, reserved 1048576K
Event: 21.048 GC heap after
Heap after GC invocations=11 (full 2):
 PSYoungGen      total 200704K, used 14817K [0x00000000e0000000, 0x00000000ed280000, 0x0000000100000000)
  eden space 185856K, 0% used [0x00000000e0000000,0x00000000e0000000,0x00000000eb580000)
  from space 14848K, 99% used [0x00000000eb580000,0x00000000ec3f8770,0x00000000ec400000)
  to   space 13312K, 0% used [0x00000000ec580000,0x00000000ec580000,0x00000000ed280000)
 ParOldGen       total 62976K, used 25946K [0x00000000a0000000, 0x00000000a3d80000, 0x00000000e0000000)
  object space 62976K, 41% used [0x00000000a0000000,0x00000000a1956ac0,0x00000000a3d80000)
 Metaspace       used 53302K, capacity 54522K, committed 54784K, reserved 1097728K
  class space    used 7056K, capacity 7337K, committed 7424K, reserved 1048576K
}
Event: 22.312 GC heap before
{Heap before GC invocations=12 (full 2):
 PSYoungGen      total 200704K, used 74593K [0x00000000e0000000, 0x00000000ed280000, 0x0000000100000000)
  eden space 185856K, 32% used [0x00000000e0000000,0x00000000e3a5fd28,0x00000000eb580000)
  from space 14848K, 99% used [0x00000000eb580000,0x00000000ec3f8770,0x00000000ec400000)
  to   space 13312K, 0% used [0x00000000ec580000,0x00000000ec580000,0x00000000ed280000)
 ParOldGen       total 62976K, used 25946K [0x00000000a0000000, 0x00000000a3d80000, 0x00000000e0000000)
  object space 62976K, 41% used [0x00000000a0000000,0x00000000a1956ac0,0x00000000a3d80000)
 Metaspace       used 57405K, capacity 58964K, committed 59096K, reserved 1099776K
  class space    used 7601K, capacity 7926K, committed 7936K, reserved 1048576K
Event: 22.332 GC heap after
Heap after GC invocations=12 (full 2):
 PSYoungGen      total 199168K, used 13309K [0x00000000e0000000, 0x00000000ed280000, 0x0000000100000000)
  eden space 185856K, 0% used [0x00000000e0000000,0x00000000e0000000,0x00000000eb580000)
  from space 13312K, 99% used [0x00000000ec580000,0x00000000ed27f500,0x00000000ed280000)
  to   space 14848K, 0% used [0x00000000eb580000,0x00000000eb580000,0x00000000ec400000)
 ParOldGen       total 62976K, used 28014K [0x00000000a0000000, 0x00000000a3d80000, 0x00000000e0000000)
  object space 62976K, 44% used [0x00000000a0000000,0x00000000a1b5bab0,0x00000000a3d80000)
 Metaspace       used 57405K, capacity 58964K, committed 59096K, reserved 1099776K
  class space    used 7601K, capacity 7926K, committed 7936K, reserved 1048576K
}
Event: 22.332 GC heap before
{Heap before GC invocations=13 (full 3):
 PSYoungGen      total 199168K, used 13309K [0x00000000e0000000, 0x00000000ed280000, 0x0000000100000000)
  eden space 185856K, 0% used [0x00000000e0000000,0x00000000e0000000,0x00000000eb580000)
  from space 13312K, 99% used [0x00000000ec580000,0x00000000ed27f500,0x00000000ed280000)
  to   space 14848K, 0% used [0x00000000eb580000,0x00000000eb580000,0x00000000ec400000)
 ParOldGen       total 62976K, used 28014K [0x00000000a0000000, 0x00000000a3d80000, 0x00000000e0000000)
  object space 62976K, 44% used [0x00000000a0000000,0x00000000a1b5bab0,0x00000000a3d80000)
 Metaspace       used 57405K, capacity 58964K, committed 59096K, reserved 1099776K
  class space    used 7601K, capacity 7926K, committed 7936K, reserved 1048576K
Event: 22.655 GC heap after
Heap after GC invocations=13 (full 3):
 PSYoungGen      total 199168K, used 0K [0x00000000e0000000, 0x00000000ed280000, 0x0000000100000000)
  eden space 185856K, 0% used [0x00000000e0000000,0x00000000e0000000,0x00000000eb580000)
  from space 13312K, 0% used [0x00000000ec580000,0x00000000ec580000,0x00000000ed280000)
  to   space 14848K, 0% used [0x00000000eb580000,0x00000000eb580000,0x00000000ec400000)
 ParOldGen       total 92672K, used 31107K [0x00000000a0000000, 0x00000000a5a80000, 0x00000000e0000000)
  object space 92672K, 33% used [0x00000000a0000000,0x00000000a1e60d20,0x00000000a5a80000)
 Metaspace       used 57376K, capacity 58876K, committed 59096K, reserved 1099776K
  class space    used 7593K, capacity 7918K, committed 7936K, reserved 1048576K
}

Deoptimization events (10 events):
Event: 19.310 Thread 0x0000000019ed5800 Uncommon trap: reason=bimorphic action=maybe_recompile pc=0x0000000003980dfc method=java.util.regex.Pattern$5.isSatisfiedBy(I)Z @ 16
Event: 19.310 Thread 0x0000000019ed5800 Uncommon trap: reason=bimorphic action=maybe_recompile pc=0x0000000003980dfc method=java.util.regex.Pattern$5.isSatisfiedBy(I)Z @ 16
Event: 19.310 Thread 0x0000000019ed5800 Uncommon trap: reason=bimorphic action=maybe_recompile pc=0x0000000003980dfc method=java.util.regex.Pattern$5.isSatisfiedBy(I)Z @ 16
Event: 20.769 Thread 0x0000000019ed5800 Uncommon trap: reason=unstable_if action=reinterpret pc=0x000000000321145c method=java.util.WeakHashMap.remove(Ljava/lang/Object;)Ljava/lang/Object; @ 94
Event: 20.798 Thread 0x0000000019ed5800 Uncommon trap: reason=unstable_if action=reinterpret pc=0x000000000320fee8 method=java.util.regex.Pattern$BmpCharProperty.match(Ljava/util/regex/Matcher;ILjava/lang/CharSequence;)Z @ 34
Event: 20.871 Thread 0x0000000019ed5800 Uncommon trap: reason=unstable_if action=reinterpret pc=0x0000000003697cac method=java.lang.Integer.parseInt(Ljava/lang/String;I)I @ 197
Event: 21.331 Thread 0x0000000019ed5800 Uncommon trap: reason=unstable_if action=reinterpret pc=0x0000000003abffb4 method=com.sun.org.apache.xerces.internal.impl.XMLEntityScanner.checkBeforeLoad(Lcom/sun/xml/internal/stream/Entity$ScannedEntity;II)I @ 18
Event: 22.143 Thread 0x0000000019ed5800 Uncommon trap: reason=unstable_if action=reinterpret pc=0x0000000003205ae4 method=java.lang.String.lastIndexOf([CII[CIII)I @ 17
Event: 22.296 Thread 0x0000000019ed5800 Uncommon trap: reason=unstable_if action=reinterpret pc=0x0000000003858828 method=java.util.concurrent.ConcurrentHashMap.putVal(Ljava/lang/Object;Ljava/lang/Object;Z)Ljava/lang/Object; @ 195
Event: 22.679 Thread 0x0000000019ed5800 Uncommon trap: reason=unstable_if action=reinterpret pc=0x0000000003ccfe08 method=kotlin.reflect.jvm.internal.impl.protobuf.CodedInputStream.readRawVarint32()I @ 10

Classes redefined (0 events):
No events

Internal exceptions (10 events):
Event: 21.264 Thread 0x0000000019ed5800 Exception <a 'sun/nio/fs/WindowsException'> (0x00000000e13f5da0) thrown at [D:\src\AOSP-openjdk-cygwin\jdk8u\hotspot\src\share\vm\prims\jni.cpp, line 709]
Event: 21.405 Thread 0x0000000019ed5800 Exception <a 'java/lang/NoSuchMethodError': java.lang.Object.lambda$comparing$77a9974f$1(Ljava/util/function/Function;Ljava/lang/Object;Ljava/lang/Object;)I> (0x00000000e159fdf8) thrown at [D:\src\AOSP-openjdk-cygwin\jdk8u\hotspot\src\share\vm\interpreter
Event: 21.407 Thread 0x0000000019ed5800 Exception <a 'java/lang/NoSuchMethodError': java.lang.Object.lambda$thenComparing$36697e65$1(Ljava/util/Comparator;Ljava/lang/Object;Ljava/lang/Object;)I> (0x00000000e15ab660) thrown at [D:\src\AOSP-openjdk-cygwin\jdk8u\hotspot\src\share\vm\interpreter\li
Event: 21.454 Thread 0x0000000019ed5800 Exception <a 'java/lang/NoSuchMethodError': java.lang.Object.lambda$maxBy$1(Ljava/util/Comparator;Ljava/lang/Object;Ljava/lang/Object;)Ljava/lang/Object;> (0x00000000e171d1e0) thrown at [D:\src\AOSP-openjdk-cygwin\jdk8u\hotspot\src\share\vm\interpreter\li
Event: 21.723 Thread 0x0000000019ed5800 Exception <a 'java/lang/ClassNotFoundException': org/gradle/api/plugins/internal/DefaultBasePluginConventionBeanInfo> (0x00000000e1ef2bb8) thrown at [D:\src\AOSP-openjdk-cygwin\jdk8u\hotspot\src\share\vm\classfile\systemDictionary.cpp, line 210]
Event: 21.723 Thread 0x0000000019ed5800 Exception <a 'java/lang/ClassNotFoundException': org/gradle/api/plugins/BasePluginConventionBeanInfo> (0x00000000e1f1a010) thrown at [D:\src\AOSP-openjdk-cygwin\jdk8u\hotspot\src\share\vm\classfile\systemDictionary.cpp, line 210]
Event: 21.724 Thread 0x0000000019ed5800 Exception <a 'java/lang/ClassNotFoundException': org/gradle/api/plugins/BasePluginConventionCustomizer> (0x00000000e1f41e28) thrown at [D:\src\AOSP-openjdk-cygwin\jdk8u\hotspot\src\share\vm\classfile\systemDictionary.cpp, line 210]
Event: 21.727 Thread 0x0000000019ed5800 Exception <a 'java/lang/ClassNotFoundException': org/gradle/api/plugins/internal/DefaultBasePluginConventionCustomizer> (0x00000000e1f83590) thrown at [D:\src\AOSP-openjdk-cygwin\jdk8u\hotspot\src\share\vm\classfile\systemDictionary.cpp, line 210]
Event: 21.757 Thread 0x0000000019ed5800 Exception <a 'java/lang/NoSuchMethodError': java.lang.Object.lambda$comparingInt$7b0bb60$1(Ljava/util/function/ToIntFunction;Ljava/lang/Object;Ljava/lang/Object;)I> (0x00000000e1ff8360) thrown at [D:\src\AOSP-openjdk-cygwin\jdk8u\hotspot\src\share\vm\inte
Event: 21.760 Thread 0x0000000019ed5800 Exception <a 'java/lang/NoSuchMethodError': java.lang.Object.lambda$comparing$ea9a8b3a$1(Ljava/util/Comparator;Ljava/util/function/Function;Ljava/lang/Object;Ljava/lang/Object;)I> (0x00000000e20026f8) thrown at [D:\src\AOSP-openjdk-cygwin\jdk8u\hotspot\sr

Events (10 events):
Event: 22.994 Thread 0x0000000016574800 flushing nmethod 0x0000000002e80f50
Event: 22.994 Thread 0x0000000016574800 flushing nmethod 0x0000000002e908d0
Event: 22.994 Thread 0x0000000016574800 flushing nmethod 0x0000000002e94590
Event: 22.994 Thread 0x0000000016574800 flushing nmethod 0x0000000002e95850
Event: 22.994 Thread 0x0000000016574800 flushing nmethod 0x0000000002eff2d0
Event: 22.994 Thread 0x0000000016574800 flushing nmethod 0x0000000002f0e8d0
Event: 22.994 Thread 0x0000000016574800 flushing nmethod 0x0000000002f21610
Event: 22.994 Thread 0x0000000016574800 flushing nmethod 0x0000000002f47910
Event: 22.994 Thread 0x0000000016574800 flushing nmethod 0x0000000002f47d90
Event: 22.994 Thread 0x0000000016574800 flushing nmethod 0x0000000002f4b690


Dynamic libraries:
0x00007ff7abf70000 - 0x00007ff7abfa1000 	C:\Program Files\Android\Android Studio\jre\bin\java.exe
0x00007ffdebeb0000 - 0x00007ffdec091000 	C:\WINDOWS\SYSTEM32\ntdll.dll
0x00007ffde95e0000 - 0x00007ffde9691000 	C:\WINDOWS\System32\KERNEL32.DLL
0x00007ffde8280000 - 0x00007ffde84f3000 	C:\WINDOWS\System32\KERNELBASE.dll
0x00007ffdea180000 - 0x00007ffdea221000 	C:\WINDOWS\System32\ADVAPI32.dll
0x00007ffdebc30000 - 0x00007ffdebcce000 	C:\WINDOWS\System32\msvcrt.dll
0x00007ffdebd40000 - 0x00007ffdebd9b000 	C:\WINDOWS\System32\sechost.dll
0x00007ffde9b60000 - 0x00007ffde9c84000 	C:\WINDOWS\System32\RPCRT4.dll
0x00007ffde99d0000 - 0x00007ffde9b60000 	C:\WINDOWS\System32\USER32.dll
0x00007ffde88c0000 - 0x00007ffde88e0000 	C:\WINDOWS\System32\win32u.dll
0x00007ffdebbf0000 - 0x00007ffdebc18000 	C:\WINDOWS\System32\GDI32.dll
0x00007ffde91a0000 - 0x00007ffde9331000 	C:\WINDOWS\System32\gdi32full.dll
0x00007ffde8500000 - 0x00007ffde859f000 	C:\WINDOWS\System32\msvcp_win.dll
0x00007ffde8990000 - 0x00007ffde8a88000 	C:\WINDOWS\System32\ucrtbase.dll
0x00007ffddef10000 - 0x00007ffddf179000 	C:\WINDOWS\WinSxS\amd64_microsoft.windows.common-controls_6595b64144ccf1df_6.0.17134.950_none_fb3da4273069d3e0\COMCTL32.dll
0x00007ffde96a0000 - 0x00007ffde99c2000 	C:\WINDOWS\System32\combase.dll
0x00007ffde8840000 - 0x00007ffde88b9000 	C:\WINDOWS\System32\bcryptPrimitives.dll
0x00007ffdea150000 - 0x00007ffdea17d000 	C:\WINDOWS\System32\IMM32.DLL
0x0000000050100000 - 0x00000000501d2000 	C:\Program Files\Android\Android Studio\jre\jre\bin\msvcr100.dll
0x0000000076fe0000 - 0x0000000077821000 	C:\Program Files\Android\Android Studio\jre\jre\bin\server\jvm.dll
0x00007ffdebc20000 - 0x00007ffdebc28000 	C:\WINDOWS\System32\PSAPI.DLL
0x00007ffddcd20000 - 0x00007ffddcd29000 	C:\WINDOWS\SYSTEM32\WSOCK32.dll
0x00007ffde9c90000 - 0x00007ffde9cfc000 	C:\WINDOWS\System32\WS2_32.dll
0x00007ffddea40000 - 0x00007ffddea63000 	C:\WINDOWS\SYSTEM32\WINMM.dll
0x00007ffddf180000 - 0x00007ffddf18a000 	C:\WINDOWS\SYSTEM32\VERSION.dll
0x00007ffdde830000 - 0x00007ffdde85a000 	C:\WINDOWS\SYSTEM32\WINMMBASE.dll
0x00007ffde88e0000 - 0x00007ffde8929000 	C:\WINDOWS\System32\cfgmgr32.dll
0x00007ffde3160000 - 0x00007ffde316f000 	C:\Program Files\Android\Android Studio\jre\jre\bin\verify.dll
0x00007ffdde320000 - 0x00007ffdde349000 	C:\Program Files\Android\Android Studio\jre\jre\bin\java.dll
0x00007ffde2ec0000 - 0x00007ffde2ed6000 	C:\Program Files\Android\Android Studio\jre\jre\bin\zip.dll
0x00007ffdea230000 - 0x00007ffdeb670000 	C:\WINDOWS\System32\SHELL32.dll
0x00007ffdebb40000 - 0x00007ffdebbe9000 	C:\WINDOWS\System32\shcore.dll
0x00007ffde8a90000 - 0x00007ffde919d000 	C:\WINDOWS\System32\windows.storage.dll
0x00007ffdebda0000 - 0x00007ffdebdf1000 	C:\WINDOWS\System32\shlwapi.dll
0x00007ffde8240000 - 0x00007ffde8251000 	C:\WINDOWS\System32\kernel.appcore.dll
0x00007ffde8260000 - 0x00007ffde827f000 	C:\WINDOWS\System32\profapi.dll
0x00007ffde81f0000 - 0x00007ffde823c000 	C:\WINDOWS\System32\powrprof.dll
0x00007ffde81e0000 - 0x00007ffde81ea000 	C:\WINDOWS\System32\FLTLIB.DLL
0x00007ffde1480000 - 0x00007ffde149a000 	C:\Program Files\Android\Android Studio\jre\jre\bin\net.dll
0x00007ffde7a40000 - 0x00007ffde7aa6000 	C:\WINDOWS\system32\mswsock.dll
0x00007ffde0970000 - 0x00007ffde0981000 	C:\Program Files\Android\Android Studio\jre\jre\bin\nio.dll
0x00007ffde1460000 - 0x00007ffde147e000 	C:\Users\Tran Long\.gradle\native\25\windows-amd64\native-platform.dll
0x00007ffde3150000 - 0x00007ffde315d000 	C:\Program Files\Android\Android Studio\jre\jre\bin\management.dll
0x00007ffde7bf0000 - 0x00007ffde7c07000 	C:\WINDOWS\SYSTEM32\CRYPTSP.dll
0x00007ffde75f0000 - 0x00007ffde7623000 	C:\WINDOWS\system32\rsaenh.dll
0x00007ffde7d20000 - 0x00007ffde7d45000 	C:\WINDOWS\SYSTEM32\bcrypt.dll
0x00007ffde80c0000 - 0x00007ffde80e8000 	C:\WINDOWS\SYSTEM32\USERENV.dll
0x00007ffde7c10000 - 0x00007ffde7c1b000 	C:\WINDOWS\SYSTEM32\CRYPTBASE.dll
0x00007ffde7790000 - 0x00007ffde77c8000 	C:\WINDOWS\SYSTEM32\IPHLPAPI.DLL
0x00007ffdebd30000 - 0x00007ffdebd38000 	C:\WINDOWS\System32\NSI.dll
0x00007ffde1620000 - 0x00007ffde1636000 	C:\WINDOWS\SYSTEM32\dhcpcsvc6.DLL
0x00007ffde1e20000 - 0x00007ffde1e3a000 	C:\WINDOWS\SYSTEM32\dhcpcsvc.DLL

VM Arguments:
jvm_args: -Xmx1536m -Dfile.encoding=windows-1252 -Duser.country=US -Duser.language=en -Duser.variant 
java_command: org.gradle.launcher.daemon.bootstrap.GradleDaemon 5.1.1
java_class_path (initial): C:\Users\Tran Long\.gradle\wrapper\dists\gradle-5.1.1-all\97z1ksx6lirer3kbvdnh7jtjg\gradle-5.1.1\lib\gradle-launcher-5.1.1.jar
Launcher Type: SUN_STANDARD

Environment Variables:
PATH=C:\Program Files\Microsoft MPI\Bin\;C:\Program Files (x86)\Common Files\Oracle\Java\javapath;C:\WINDOWS\system32;C:\WINDOWS;C:\WINDOWS\System32\Wbem;C:\WINDOWS\System32\WindowsPowerShell\v1.0\;C:\Program Files (x86)\Microsoft SQL Server\140\Tools\Binn\;C:\Program Files\Microsoft SQL Server\140\Tools\Binn\;C:\Program Files (x86)\Microsoft SQL Server\140\DTS\Binn\;C:\Program Files\Microsoft SQL Server\140\DTS\Binn\;C:\Program Files\Microsoft SQL Server\Client SDK\ODBC\130\Tools\Binn\;C:\Program Files (x86)\Microsoft SQL Server\Client SDK\ODBC\130\Tools\Binn\;C:\Program Files (x86)\Microsoft SQL Server\140\Tools\Binn\ManagementStudio\;C:\Program Files\Microsoft SQL Server\130\Tools\Binn\;C:\WINDOWS\System32\OpenSSH\;C:\Program Files\Git\cmd;C:\Program Files\dotnet\;C:\Users\Tran Long\AppData\Local\Android\Sdk\platform-tools;C:\Program Files\nodejs\;"C:\Users\Tran Long\AppData\Local\Microsoft\WindowsApps;C:\Users\Tran Long\AppData\Local\Android\Sdk\platform-tools";C:\Users\Tran Long\AppData\Local\GitHubDesktop\bin;C:\Users\Tran Long\AppData\Local\Microsoft\WindowsApps;C:\Users\Tran Long\AppData\Roaming\npm
USERNAME=Tran Long
OS=Windows_NT
PROCESSOR_IDENTIFIER=Intel64 Family 6 Model 142 Stepping 9, GenuineIntel



---------------  S Y S T E M  ---------------

OS: Windows 10.0 , 64 bit Build 17134 (10.0.17134.753)

CPU:total 4 (initial active 4) (2 cores per cpu, 2 threads per core) family 6 model 142 stepping 9, cmov, cx8, fxsr, mmx, sse, sse2, sse3, ssse3, sse4.1, sse4.2, popcnt, avx, avx2, aes, clmul, erms, 3dnowpref, lzcnt, ht, tsc, tscinvbit, bmi1, bmi2, adx

Memory: 4k page, physical 4057116k(297132k free), swap 8241180k(5252k free)

vm_info: OpenJDK 64-Bit Server VM (25.152-b01) for windows-amd64 JRE (1.8.0_152-release-1343-b01), built by "builder" with MS VC++ 10.0 (VS2010)

time: Mon Aug 19 17:47:48 2019
elapsed time: 23 seconds (0d 0h 0m 23s)

